#
# There is insufficient memory for the Java Runtime Environment to continue.
# Native memory allocation (mmap) failed to map 135266304 bytes for Failed to commit area from 0x00000000d7e00000 to 0x00000000dff00000 of length 135266304.
# Possible reasons:
#   The system is out of physical RAM or swap space
#   The process is running with CompressedOops enabled, and the Java Heap may be blocking the growth of the native heap
# Possible solutions:
#   Reduce memory load on the system
#   Increase physical memory or swap space
#   Check if swap backing store is full
#   Decrease Java heap size (-Xmx/-Xms)
#   Decrease number of Java threads
#   Decrease Java thread stack sizes (-Xss)
#   Set larger code cache with -XX:ReservedCodeCacheSize=
#   JVM is running with Unscaled Compressed Oops mode in which the Java heap is
#     placed in the first 4GB address space. The Java Heap base address is the
#     maximum limit for the native heap growth. Please use -XX:HeapBaseMinAddress
#     to set the Java Heap base and to place the Java Heap above 4GB virtual address.
# This output file may be truncated or incomplete.
#
#  Out of Memory Error (./src/hotspot/os/windows/os_windows.cpp:3521), pid=13596, tid=11940
#
# JRE version: OpenJDK Runtime Environment JBR-11.0.12.7-1504.28-jcef (11.0.12+7) (build 11.0.12+7-b1504.28)
# Java VM: OpenJDK 64-Bit Server VM JBR-11.0.12.7-1504.28-jcef (11.0.12+7-b1504.28, mixed mode, tiered, compressed oops, g1 gc, windows-amd64)
# No core dump will be written. Minidumps are not enabled by default on client versions of Windows
#

---------------  S U M M A R Y ------------

Command Line: -Djava.rmi.server.hostname=127.0.0.1 -Duser.timezone=UTC -Xmx1014m -Xms128m -Dfile.encoding=UTF-8 com.intellij.database.remote.RemoteJdbcServer com.dbschema.MongoJdbcDriver

Host: Intel(R) Core(TM) i3-4005U CPU @ 1.70GHz, 4 cores, 7G,  Windows 10 , 64 bit Build 19041 (10.0.19041.1466)
Time: Sun Jan 23 15:35:13 2022 Hora estándar romance elapsed time: 19.803149 seconds (0d 0h 0m 19s)

---------------  T H R E A D  ---------------

Current thread (0x00000204b6aa7000):  VMThread "VM Thread" [stack: 0x000000f9ac600000,0x000000f9ac700000] [id=11940]

Stack: [0x000000f9ac600000,0x000000f9ac700000]
[error occurred during error reporting (printing stack bounds), id 0xc0000005, EXCEPTION_ACCESS_VIOLATION (0xc0000005) at pc=0x00000204a291112d]

Native frames: (J=compiled Java code, j=interpreted, Vv=VM code, C=native code)
V  [jvm.dll+0x5ff40a]
V  [jvm.dll+0x783b65]
V  [jvm.dll+0x78517d]
V  [jvm.dll+0x785795]
V  [jvm.dll+0x78574b]
V  [jvm.dll+0x5fe7a0]
V  [jvm.dll+0x5fef38]
C  [ntdll.dll+0xa20cf]
C  [ntdll.dll+0x51454]
C  [ntdll.dll+0xa0bfe]
C  0x00000204a291112d

VM_Operation (0x000000f9ad7ec250): G1CollectForAllocation, mode: safepoint, requested by thread 0x00000204b7d60800


---------------  P R O C E S S  ---------------

Threads class SMR info:
_java_thread_list=0x00000204b7e600d0, length=20, elements={
0x000002049d4cd800, 0x00000204b6acc000, 0x00000204b6ad5800, 0x00000204b7492800,
0x00000204b7493800, 0x00000204b6ae7800, 0x00000204b6af0800, 0x00000204b6af5800,
0x00000204b6af7800, 0x00000204b75d8000, 0x00000204b78de800, 0x00000204b78e2800,
0x00000204b78e3000, 0x00000204b7941800, 0x00000204b7b0e800, 0x00000204b7d60800,
0x00000204b85ef000, 0x00000204b7c0f000, 0x00000204b8028800, 0x00000204b7de0800
}

Java Threads: ( => current thread )
  0x000002049d4cd800 JavaThread "main" [_thread_blocked, id=11148, stack(0x000000f9ac000000,0x000000f9ac100000)]
  0x00000204b6acc000 JavaThread "Reference Handler" daemon [_thread_blocked, id=9272, stack(0x000000f9ac700000,0x000000f9ac800000)]
  0x00000204b6ad5800 JavaThread "Finalizer" daemon [_thread_blocked, id=13120, stack(0x000000f9ac800000,0x000000f9ac900000)]
  0x00000204b7492800 JavaThread "Signal Dispatcher" daemon [_thread_blocked, id=3308, stack(0x000000f9ac900000,0x000000f9aca00000)]
  0x00000204b7493800 JavaThread "Attach Listener" daemon [_thread_blocked, id=10640, stack(0x000000f9aca00000,0x000000f9acb00000)]
  0x00000204b6ae7800 JavaThread "Service Thread" daemon [_thread_blocked, id=2516, stack(0x000000f9acb00000,0x000000f9acc00000)]
  0x00000204b6af0800 JavaThread "C2 CompilerThread0" daemon [_thread_blocked, id=13304, stack(0x000000f9acc00000,0x000000f9acd00000)]
  0x00000204b6af5800 JavaThread "C1 CompilerThread0" daemon [_thread_blocked, id=14216, stack(0x000000f9acd00000,0x000000f9ace00000)]
  0x00000204b6af7800 JavaThread "Sweeper thread" daemon [_thread_blocked, id=4232, stack(0x000000f9ace00000,0x000000f9acf00000)]
  0x00000204b75d8000 JavaThread "Common-Cleaner" daemon [_thread_blocked, id=13840, stack(0x000000f9ad000000,0x000000f9ad100000)]
  0x00000204b78de800 JavaThread "RMI TCP Accept-46892" daemon [_thread_in_native, id=6772, stack(0x000000f9ad100000,0x000000f9ad200000)]
  0x00000204b78e2800 JavaThread "RMI TCP Accept-0" daemon [_thread_in_native, id=14132, stack(0x000000f9ad200000,0x000000f9ad300000)]
  0x00000204b78e3000 JavaThread "RMI Reaper" [_thread_blocked, id=13736, stack(0x000000f9ad300000,0x000000f9ad400000)]
  0x00000204b7941800 JavaThread "RMI GC Daemon" daemon [_thread_blocked, id=13612, stack(0x000000f9ad400000,0x000000f9ad500000)]
  0x00000204b7b0e800 JavaThread "RMI TCP Connection(1)-127.0.0.1" daemon [_thread_blocked, id=8284, stack(0x000000f9ad600000,0x000000f9ad700000)]
  0x00000204b7d60800 JavaThread "RMI TCP Connection(2)-127.0.0.1" daemon [_thread_blocked, id=9976, stack(0x000000f9ad700000,0x000000f9ad800000)]
  0x00000204b85ef000 JavaThread "RMI Scheduler(0)" daemon [_thread_blocked, id=4816, stack(0x000000f9ad800000,0x000000f9ad900000)]
  0x00000204b7c0f000 JavaThread "cluster-ClusterId{value='61ed67915043d17276454ba2', description='null'}-localhost:27017" daemon [_thread_in_native, id=10076, stack(0x000000f9add00000,0x000000f9ade00000)]
  0x00000204b8028800 JavaThread "cluster-rtt-ClusterId{value='61ed67915043d17276454ba2', description='null'}-localhost:27017" daemon [_thread_blocked, id=9796, stack(0x000000f9ade00000,0x000000f9adf00000)]
  0x00000204b7de0800 JavaThread "RMI TCP Connection(3)-127.0.0.1" daemon [_thread_in_native, id=13360, stack(0x000000f9ae100000,0x000000f9ae200000)]

Other Threads:
=>0x00000204b6aa7000 VMThread "VM Thread" [stack: 0x000000f9ac600000,0x000000f9ac700000] [id=11940]
  0x00000204b75cb000 WatcherThread [stack: 0x000000f9acf00000,0x000000f9ad000000] [id=4880]
  0x000002049d4e6000 GCTaskThread "GC Thread#0" [stack: 0x000000f9ac100000,0x000000f9ac200000] [id=13528]
  0x00000204b7de9000 GCTaskThread "GC Thread#1" [stack: 0x000000f9ad900000,0x000000f9ada00000] [id=7916]
  0x00000204b7ced800 GCTaskThread "GC Thread#2" [stack: 0x000000f9ada00000,0x000000f9adb00000] [id=10796]
  0x00000204b7ad3800 GCTaskThread "GC Thread#3" [stack: 0x000000f9adb00000,0x000000f9adc00000] [id=11184]
  0x000002049d501000 ConcurrentGCThread "G1 Main Marker" [stack: 0x000000f9ac200000,0x000000f9ac300000] [id=7784]
  0x000002049d502800 ConcurrentGCThread "G1 Conc#0" [stack: 0x000000f9ac300000,0x000000f9ac400000] [id=10236]
  0x000002049d591000 ConcurrentGCThread "G1 Refine#0" [stack: 0x000000f9ac400000,0x000000f9ac500000] [id=6284]
  0x00000204b76c4800 ConcurrentGCThread "G1 Refine#1" [stack: 0x000000f9adc00000,0x000000f9add00000] [id=8852]
  0x00000204b8918800 ConcurrentGCThread "G1 Refine#2" [stack: 0x000000f9ad500000,0x000000f9ad600000] [id=12004]
  0x00000204ba957000 ConcurrentGCThread "G1 Refine#3" [stack: 0x000000f9ae000000,0x000000f9ae100000] [id=10588]
  0x000002049d593800 ConcurrentGCThread "G1 Young RemSet Sampling" [stack: 0x000000f9ac500000,0x000000f9ac600000] [id=13216]

Threads with active compile tasks:
C2 CompilerThread0  21179 7198       4       com.oracle.truffle.js.nodes.access.JSReadCurrentFrameSlotNodeGen::execute (150 bytes)

VM state:at safepoint (normal execution)

VM Mutex/Monitor currently owned by a thread:  ([mutex/lock_event])
[0x000002049d4ca600] Threads_lock - owner thread: 0x00000204b6aa7000
[0x000002049d4c95b0] Heap_lock - owner thread: 0x00000204b7d60800

Heap address: 0x00000000c0a00000, size: 1014 MB, Compressed Oops mode: 32-bit
Narrow klass base: 0x0000000000000000, Narrow klass shift: 3
Compressed class space size: 1073741824 Address: 0x0000000100000000

Heap:
 garbage-first heap   total 513024K, used 160140K [0x00000000c0a00000, 0x0000000100000000)
  region size 1024K, 2 young (2048K), 2 survivors (2048K)
 Metaspace       used 44739K, capacity 45478K, committed 45616K, reserved 1089536K
  class space    used 4698K, capacity 4992K, committed 4992K, reserved 1048576K
Heap Regions: E=young(eden), S=young(survivor), O=old, HS=humongous(starts), HC=humongous(continues), CS=collection set, F=free, A=archive, TAMS=top-at-mark-start (previous, next)
|   0|0x00000000c0a00000, 0x00000000c0b00000, 0x00000000c0b00000|100%|HS|  |TAMS 0x00000000c0b00000, 0x00000000c0a00000| Complete 
|   1|0x00000000c0b00000, 0x00000000c0c00000, 0x00000000c0c00000|100%|HS|  |TAMS 0x00000000c0c00000, 0x00000000c0b00000| Complete 
|   2|0x00000000c0c00000, 0x00000000c0d00000, 0x00000000c0d00000|100%|HC|  |TAMS 0x00000000c0d00000, 0x00000000c0c00000| Complete 
|   3|0x00000000c0d00000, 0x00000000c0e00000, 0x00000000c0e00000|100%| O|  |TAMS 0x00000000c0e00000, 0x00000000c0d00000| Untracked 
|   4|0x00000000c0e00000, 0x00000000c0f00000, 0x00000000c0f00000|100%| O|  |TAMS 0x00000000c0f00000, 0x00000000c0e00000| Untracked 
|   5|0x00000000c0f00000, 0x00000000c1000000, 0x00000000c1000000|100%| O|  |TAMS 0x00000000c1000000, 0x00000000c0f00000| Untracked 
|   6|0x00000000c1000000, 0x00000000c1100000, 0x00000000c1100000|100%| O|  |TAMS 0x00000000c1100000, 0x00000000c1000000| Untracked 
|   7|0x00000000c1100000, 0x00000000c1200000, 0x00000000c1200000|100%| O|  |TAMS 0x00000000c1200000, 0x00000000c1100000| Untracked 
|   8|0x00000000c1200000, 0x00000000c1300000, 0x00000000c1300000|100%| O|  |TAMS 0x00000000c1300000, 0x00000000c1200000| Untracked 
|   9|0x00000000c1300000, 0x00000000c1400000, 0x00000000c1400000|100%|HS|  |TAMS 0x00000000c1300000, 0x00000000c1300000| Complete 
|  10|0x00000000c1400000, 0x00000000c1500000, 0x00000000c1500000|100%|HS|  |TAMS 0x00000000c1400000, 0x00000000c1400000| Complete 
|  11|0x00000000c1500000, 0x00000000c1600000, 0x00000000c1600000|100%|HS|  |TAMS 0x00000000c1500000, 0x00000000c1500000| Complete 
|  12|0x00000000c1600000, 0x00000000c1700000, 0x00000000c1700000|100%|HS|  |TAMS 0x00000000c1600000, 0x00000000c1600000| Complete 
|  13|0x00000000c1700000, 0x00000000c1800000, 0x00000000c1800000|100%|HS|  |TAMS 0x00000000c1700000, 0x00000000c1700000| Complete 
|  14|0x00000000c1800000, 0x00000000c1900000, 0x00000000c1900000|100%| O|  |TAMS 0x00000000c1900000, 0x00000000c1800000| Untracked 
|  15|0x00000000c1900000, 0x00000000c1a00000, 0x00000000c1a00000|100%| O|  |TAMS 0x00000000c1a00000, 0x00000000c1900000| Untracked 
|  16|0x00000000c1a00000, 0x00000000c1b00000, 0x00000000c1b00000|100%| O|  |TAMS 0x00000000c1b00000, 0x00000000c1a00000| Untracked 
|  17|0x00000000c1b00000, 0x00000000c1c00000, 0x00000000c1c00000|100%|HS|  |TAMS 0x00000000c1b00000, 0x00000000c1b00000| Complete 
|  18|0x00000000c1c00000, 0x00000000c1d00000, 0x00000000c1d00000|100%| O|  |TAMS 0x00000000c1c00000, 0x00000000c1c00000| Untracked 
|  19|0x00000000c1d00000, 0x00000000c1e00000, 0x00000000c1e00000|100%| O|  |TAMS 0x00000000c1d00000, 0x00000000c1d00000| Untracked 
|  20|0x00000000c1e00000, 0x00000000c1f00000, 0x00000000c1f00000|100%| O|  |TAMS 0x00000000c1f00000, 0x00000000c1e00000| Untracked 
|  21|0x00000000c1f00000, 0x00000000c2000000, 0x00000000c2000000|100%| O|  |TAMS 0x00000000c1f00000, 0x00000000c1f00000| Untracked 
|  22|0x00000000c2000000, 0x00000000c2100000, 0x00000000c2100000|100%| O|  |TAMS 0x00000000c2000000, 0x00000000c2000000| Untracked 
|  23|0x00000000c2100000, 0x00000000c2200000, 0x00000000c2200000|100%| O|  |TAMS 0x00000000c2100000, 0x00000000c2100000| Untracked 
|  24|0x00000000c2200000, 0x00000000c2300000, 0x00000000c2300000|100%| O|  |TAMS 0x00000000c2200000, 0x00000000c2200000| Untracked 
|  25|0x00000000c2300000, 0x00000000c2400000, 0x00000000c2400000|100%| O|  |TAMS 0x00000000c2300000, 0x00000000c2300000| Untracked 
|  26|0x00000000c2400000, 0x00000000c2500000, 0x00000000c2500000|100%| O|  |TAMS 0x00000000c2400000, 0x00000000c2400000| Untracked 
|  27|0x00000000c2500000, 0x00000000c2600000, 0x00000000c2600000|100%| O|  |TAMS 0x00000000c2500000, 0x00000000c2500000| Untracked 
|  28|0x00000000c2600000, 0x00000000c2700000, 0x00000000c2700000|100%| O|  |TAMS 0x00000000c2600000, 0x00000000c2600000| Untracked 
|  29|0x00000000c2700000, 0x00000000c2800000, 0x00000000c2800000|100%| O|  |TAMS 0x00000000c2700000, 0x00000000c2700000| Untracked 
|  30|0x00000000c2800000, 0x00000000c2900000, 0x00000000c2900000|100%| O|  |TAMS 0x00000000c2800000, 0x00000000c2800000| Untracked 
|  31|0x00000000c2900000, 0x00000000c2a00000, 0x00000000c2a00000|100%| O|  |TAMS 0x00000000c2900000, 0x00000000c2900000| Untracked 
|  32|0x00000000c2a00000, 0x00000000c2b00000, 0x00000000c2b00000|100%| O|  |TAMS 0x00000000c2a00000, 0x00000000c2a00000| Untracked 
|  33|0x00000000c2b00000, 0x00000000c2c00000, 0x00000000c2c00000|100%| O|  |TAMS 0x00000000c2b00000, 0x00000000c2b00000| Untracked 
|  34|0x00000000c2c00000, 0x00000000c2d00000, 0x00000000c2d00000|100%| O|  |TAMS 0x00000000c2c00000, 0x00000000c2c00000| Untracked 
|  35|0x00000000c2d00000, 0x00000000c2e00000, 0x00000000c2e00000|100%| O|  |TAMS 0x00000000c2d00000, 0x00000000c2d00000| Untracked 
|  36|0x00000000c2e00000, 0x00000000c2eeb200, 0x00000000c2f00000| 91%| O|  |TAMS 0x00000000c2e00000, 0x00000000c2e00000| Untracked 
|  37|0x00000000c2f00000, 0x00000000c3000000, 0x00000000c3000000|100%| O|  |TAMS 0x00000000c3000000, 0x00000000c2f00000| Untracked 
|  38|0x00000000c3000000, 0x00000000c3100000, 0x00000000c3100000|100%| O|  |TAMS 0x00000000c3100000, 0x00000000c3000000| Untracked 
|  39|0x00000000c3100000, 0x00000000c3200000, 0x00000000c3200000|100%| O|  |TAMS 0x00000000c3200000, 0x00000000c3100000| Untracked 
|  40|0x00000000c3200000, 0x00000000c3300000, 0x00000000c3300000|100%| O|  |TAMS 0x00000000c3300000, 0x00000000c3200000| Untracked 
|  41|0x00000000c3300000, 0x00000000c3400000, 0x00000000c3400000|100%| O|  |TAMS 0x00000000c3400000, 0x00000000c3300000| Untracked 
|  42|0x00000000c3400000, 0x00000000c3500000, 0x00000000c3500000|100%| O|  |TAMS 0x00000000c3500000, 0x00000000c3400000| Untracked 
|  43|0x00000000c3500000, 0x00000000c3600000, 0x00000000c3600000|100%| O|  |TAMS 0x00000000c3600000, 0x00000000c3500000| Untracked 
|  44|0x00000000c3600000, 0x00000000c3700000, 0x00000000c3700000|100%| O|  |TAMS 0x00000000c3700000, 0x00000000c3600000| Untracked 
|  45|0x00000000c3700000, 0x00000000c3800000, 0x00000000c3800000|100%| O|  |TAMS 0x00000000c3800000, 0x00000000c3700000| Untracked 
|  46|0x00000000c3800000, 0x00000000c3900000, 0x00000000c3900000|100%| O|  |TAMS 0x00000000c3900000, 0x00000000c3800000| Untracked 
|  47|0x00000000c3900000, 0x00000000c3a00000, 0x00000000c3a00000|100%| O|  |TAMS 0x00000000c3a00000, 0x00000000c3900000| Untracked 
|  48|0x00000000c3a00000, 0x00000000c3b00000, 0x00000000c3b00000|100%| O|  |TAMS 0x00000000c3b00000, 0x00000000c3a00000| Untracked 
|  49|0x00000000c3b00000, 0x00000000c3c00000, 0x00000000c3c00000|100%| O|  |TAMS 0x00000000c3c00000, 0x00000000c3b00000| Untracked 
|  50|0x00000000c3c00000, 0x00000000c3d00000, 0x00000000c3d00000|100%| O|  |TAMS 0x00000000c3d00000, 0x00000000c3c00000| Untracked 
|  51|0x00000000c3d00000, 0x00000000c3e00000, 0x00000000c3e00000|100%| O|  |TAMS 0x00000000c3e00000, 0x00000000c3d00000| Untracked 
|  52|0x00000000c3e00000, 0x00000000c3f00000, 0x00000000c3f00000|100%| O|  |TAMS 0x00000000c3f00000, 0x00000000c3e00000| Untracked 
|  53|0x00000000c3f00000, 0x00000000c4000000, 0x00000000c4000000|100%| O|  |TAMS 0x00000000c4000000, 0x00000000c3f00000| Untracked 
|  54|0x00000000c4000000, 0x00000000c4100000, 0x00000000c4100000|100%| O|  |TAMS 0x00000000c4100000, 0x00000000c4000000| Untracked 
|  55|0x00000000c4100000, 0x00000000c4200000, 0x00000000c4200000|100%| O|  |TAMS 0x00000000c4200000, 0x00000000c4100000| Untracked 
|  56|0x00000000c4200000, 0x00000000c4300000, 0x00000000c4300000|100%| O|  |TAMS 0x00000000c4300000, 0x00000000c4200000| Untracked 
|  57|0x00000000c4300000, 0x00000000c4400000, 0x00000000c4400000|100%| O|  |TAMS 0x00000000c4400000, 0x00000000c4300000| Untracked 
|  58|0x00000000c4400000, 0x00000000c4500000, 0x00000000c4500000|100%| O|  |TAMS 0x00000000c4500000, 0x00000000c4400000| Untracked 
|  59|0x00000000c4500000, 0x00000000c4600000, 0x00000000c4600000|100%| O|  |TAMS 0x00000000c4600000, 0x00000000c4500000| Untracked 
|  60|0x00000000c4600000, 0x00000000c4700000, 0x00000000c4700000|100%| O|  |TAMS 0x00000000c4700000, 0x00000000c4600000| Untracked 
|  61|0x00000000c4700000, 0x00000000c4800000, 0x00000000c4800000|100%| O|  |TAMS 0x00000000c4800000, 0x00000000c4700000| Untracked 
|  62|0x00000000c4800000, 0x00000000c4900000, 0x00000000c4900000|100%| O|  |TAMS 0x00000000c4900000, 0x00000000c4800000| Untracked 
|  63|0x00000000c4900000, 0x00000000c4a00000, 0x00000000c4a00000|100%| O|  |TAMS 0x00000000c4a00000, 0x00000000c4900000| Untracked 
|  64|0x00000000c4a00000, 0x00000000c4b00000, 0x00000000c4b00000|100%| O|  |TAMS 0x00000000c4b00000, 0x00000000c4a00000| Untracked 
|  65|0x00000000c4b00000, 0x00000000c4c00000, 0x00000000c4c00000|100%| O|  |TAMS 0x00000000c4c00000, 0x00000000c4b00000| Untracked 
|  66|0x00000000c4c00000, 0x00000000c4d00000, 0x00000000c4d00000|100%| O|  |TAMS 0x00000000c4d00000, 0x00000000c4c00000| Untracked 
|  67|0x00000000c4d00000, 0x00000000c4e00000, 0x00000000c4e00000|100%| O|  |TAMS 0x00000000c4e00000, 0x00000000c4d00000| Untracked 
|  68|0x00000000c4e00000, 0x00000000c4f00000, 0x00000000c4f00000|100%| O|  |TAMS 0x00000000c4f00000, 0x00000000c4e00000| Untracked 
|  69|0x00000000c4f00000, 0x00000000c5000000, 0x00000000c5000000|100%| O|  |TAMS 0x00000000c5000000, 0x00000000c4f00000| Untracked 
|  70|0x00000000c5000000, 0x00000000c5100000, 0x00000000c5100000|100%| O|  |TAMS 0x00000000c5100000, 0x00000000c5000000| Untracked 
|  71|0x00000000c5100000, 0x00000000c5200000, 0x00000000c5200000|100%| O|  |TAMS 0x00000000c5200000, 0x00000000c5100000| Untracked 
|  72|0x00000000c5200000, 0x00000000c5300000, 0x00000000c5300000|100%| O|  |TAMS 0x00000000c5200000, 0x00000000c5200000| Untracked 
|  73|0x00000000c5300000, 0x00000000c5400000, 0x00000000c5400000|100%| O|  |TAMS 0x00000000c5300000, 0x00000000c5300000| Untracked 
|  74|0x00000000c5400000, 0x00000000c5500000, 0x00000000c5500000|100%| O|  |TAMS 0x00000000c5500000, 0x00000000c5400000| Untracked 
|  75|0x00000000c5500000, 0x00000000c5600000, 0x00000000c5600000|100%| O|  |TAMS 0x00000000c5600000, 0x00000000c5500000| Untracked 
|  76|0x00000000c5600000, 0x00000000c5700000, 0x00000000c5700000|100%| O|  |TAMS 0x00000000c5600000, 0x00000000c5600000| Untracked 
|  77|0x00000000c5700000, 0x00000000c5800000, 0x00000000c5800000|100%| O|  |TAMS 0x00000000c5700000, 0x00000000c5700000| Untracked 
|  78|0x00000000c5800000, 0x00000000c5900000, 0x00000000c5900000|100%| O|  |TAMS 0x00000000c5800000, 0x00000000c5800000| Untracked 
|  79|0x00000000c5900000, 0x00000000c5a00000, 0x00000000c5a00000|100%| O|  |TAMS 0x00000000c5900000, 0x00000000c5900000| Untracked 
|  80|0x00000000c5a00000, 0x00000000c5b00000, 0x00000000c5b00000|100%| O|  |TAMS 0x00000000c5a00000, 0x00000000c5a00000| Untracked 
|  81|0x00000000c5b00000, 0x00000000c5c00000, 0x00000000c5c00000|100%|HS|  |TAMS 0x00000000c5c00000, 0x00000000c5b00000| Complete 
|  82|0x00000000c5c00000, 0x00000000c5d00000, 0x00000000c5d00000|100%|HC|  |TAMS 0x00000000c5d00000, 0x00000000c5c00000| Complete 
|  83|0x00000000c5d00000, 0x00000000c5e00000, 0x00000000c5e00000|100%|HC|  |TAMS 0x00000000c5e00000, 0x00000000c5d00000| Complete 
|  84|0x00000000c5e00000, 0x00000000c5f00000, 0x00000000c5f00000|100%|HC|  |TAMS 0x00000000c5f00000, 0x00000000c5e00000| Complete 
|  85|0x00000000c5f00000, 0x00000000c6000000, 0x00000000c6000000|100%|HC|  |TAMS 0x00000000c6000000, 0x00000000c5f00000| Complete 
|  86|0x00000000c6000000, 0x00000000c6100000, 0x00000000c6100000|100%|HC|  |TAMS 0x00000000c6100000, 0x00000000c6000000| Complete 
|  87|0x00000000c6100000, 0x00000000c6200000, 0x00000000c6200000|100%|HC|  |TAMS 0x00000000c6200000, 0x00000000c6100000| Complete 
|  88|0x00000000c6200000, 0x00000000c6300000, 0x00000000c6300000|100%|HC|  |TAMS 0x00000000c6300000, 0x00000000c6200000| Complete 
|  89|0x00000000c6300000, 0x00000000c6400000, 0x00000000c6400000|100%|HC|  |TAMS 0x00000000c6400000, 0x00000000c6300000| Complete 
|  90|0x00000000c6400000, 0x00000000c6500000, 0x00000000c6500000|100%|HC|  |TAMS 0x00000000c6500000, 0x00000000c6400000| Complete 
|  91|0x00000000c6500000, 0x00000000c6600000, 0x00000000c6600000|100%|HC|  |TAMS 0x00000000c6600000, 0x00000000c6500000| Complete 
|  92|0x00000000c6600000, 0x00000000c6700000, 0x00000000c6700000|100%|HC|  |TAMS 0x00000000c6700000, 0x00000000c6600000| Complete 
|  93|0x00000000c6700000, 0x00000000c6800000, 0x00000000c6800000|100%|HC|  |TAMS 0x00000000c6800000, 0x00000000c6700000| Complete 
|  94|0x00000000c6800000, 0x00000000c6900000, 0x00000000c6900000|100%|HC|  |TAMS 0x00000000c6900000, 0x00000000c6800000| Complete 
|  95|0x00000000c6900000, 0x00000000c6a00000, 0x00000000c6a00000|100%|HC|  |TAMS 0x00000000c6a00000, 0x00000000c6900000| Complete 
|  96|0x00000000c6a00000, 0x00000000c6b00000, 0x00000000c6b00000|100%|HC|  |TAMS 0x00000000c6b00000, 0x00000000c6a00000| Complete 
|  97|0x00000000c6b00000, 0x00000000c6c00000, 0x00000000c6c00000|100%|HC|  |TAMS 0x00000000c6c00000, 0x00000000c6b00000| Complete 
|  98|0x00000000c6c00000, 0x00000000c6d00000, 0x00000000c6d00000|100%|HC|  |TAMS 0x00000000c6d00000, 0x00000000c6c00000| Complete 
|  99|0x00000000c6d00000, 0x00000000c6e00000, 0x00000000c6e00000|100%|HC|  |TAMS 0x00000000c6e00000, 0x00000000c6d00000| Complete 
| 100|0x00000000c6e00000, 0x00000000c6f00000, 0x00000000c6f00000|100%|HC|  |TAMS 0x00000000c6f00000, 0x00000000c6e00000| Complete 
| 101|0x00000000c6f00000, 0x00000000c7000000, 0x00000000c7000000|100%|HC|  |TAMS 0x00000000c7000000, 0x00000000c6f00000| Complete 
| 102|0x00000000c7000000, 0x00000000c7100000, 0x00000000c7100000|100%|HC|  |TAMS 0x00000000c7100000, 0x00000000c7000000| Complete 
| 103|0x00000000c7100000, 0x00000000c7200000, 0x00000000c7200000|100%|HC|  |TAMS 0x00000000c7200000, 0x00000000c7100000| Complete 
| 104|0x00000000c7200000, 0x00000000c7300000, 0x00000000c7300000|100%|HC|  |TAMS 0x00000000c7300000, 0x00000000c7200000| Complete 
| 105|0x00000000c7300000, 0x00000000c7400000, 0x00000000c7400000|100%|HC|  |TAMS 0x00000000c7400000, 0x00000000c7300000| Complete 
| 106|0x00000000c7400000, 0x00000000c7500000, 0x00000000c7500000|100%|HC|  |TAMS 0x00000000c7500000, 0x00000000c7400000| Complete 
| 107|0x00000000c7500000, 0x00000000c7600000, 0x00000000c7600000|100%|HC|  |TAMS 0x00000000c7600000, 0x00000000c7500000| Complete 
| 108|0x00000000c7600000, 0x00000000c7700000, 0x00000000c7700000|100%|HC|  |TAMS 0x00000000c7700000, 0x00000000c7600000| Complete 
| 109|0x00000000c7700000, 0x00000000c7800000, 0x00000000c7800000|100%|HC|  |TAMS 0x00000000c7800000, 0x00000000c7700000| Complete 
| 110|0x00000000c7800000, 0x00000000c7900000, 0x00000000c7900000|100%| O|  |TAMS 0x00000000c7900000, 0x00000000c7800000| Untracked 
| 111|0x00000000c7900000, 0x00000000c7a00000, 0x00000000c7a00000|100%| O|  |TAMS 0x00000000c7900000, 0x00000000c7900000| Untracked 
| 112|0x00000000c7a00000, 0x00000000c7b00000, 0x00000000c7b00000|100%| O|  |TAMS 0x00000000c7b00000, 0x00000000c7a00000| Untracked 
| 113|0x00000000c7b00000, 0x00000000c7c00000, 0x00000000c7c00000|100%| O|  |TAMS 0x00000000c7b80000, 0x00000000c7b00000| Untracked 
| 114|0x00000000c7c00000, 0x00000000c7d00000, 0x00000000c7d00000|100%| O|  |TAMS 0x00000000c7c00000, 0x00000000c7c00000| Untracked 
| 115|0x00000000c7d00000, 0x00000000c7e00000, 0x00000000c7e00000|100%| O|  |TAMS 0x00000000c7e00000, 0x00000000c7d00000| Untracked 
| 116|0x00000000c7e00000, 0x00000000c7e00000, 0x00000000c7f00000|  0%| F|  |TAMS 0x00000000c7e00000, 0x00000000c7e00000| Untracked 
| 117|0x00000000c7f00000, 0x00000000c8000000, 0x00000000c8000000|100%| O|  |TAMS 0x00000000c8000000, 0x00000000c7f00000| Untracked 
| 118|0x00000000c8000000, 0x00000000c8000000, 0x00000000c8100000|  0%| F|  |TAMS 0x00000000c8000000, 0x00000000c8000000| Untracked 
| 119|0x00000000c8100000, 0x00000000c8200000, 0x00000000c8200000|100%| O|  |TAMS 0x00000000c8200000, 0x00000000c8100000| Untracked 
| 120|0x00000000c8200000, 0x00000000c8200000, 0x00000000c8300000|  0%| F|  |TAMS 0x00000000c8200000, 0x00000000c8200000| Untracked 
| 121|0x00000000c8300000, 0x00000000c8400000, 0x00000000c8400000|100%| O|  |TAMS 0x00000000c8400000, 0x00000000c8300000| Untracked 
| 122|0x00000000c8400000, 0x00000000c8400000, 0x00000000c8500000|  0%| F|  |TAMS 0x00000000c8400000, 0x00000000c8400000| Untracked 
| 123|0x00000000c8500000, 0x00000000c8600000, 0x00000000c8600000|100%| O|  |TAMS 0x00000000c8600000, 0x00000000c8500000| Untracked 
| 124|0x00000000c8600000, 0x00000000c8700000, 0x00000000c8700000|100%| O|  |TAMS 0x00000000c8700000, 0x00000000c8600000| Untracked 
| 125|0x00000000c8700000, 0x00000000c8800000, 0x00000000c8800000|100%| O|  |TAMS 0x00000000c8800000, 0x00000000c8700000| Untracked 
| 126|0x00000000c8800000, 0x00000000c8900000, 0x00000000c8900000|100%| O|  |TAMS 0x00000000c8900000, 0x00000000c8800000| Untracked 
| 127|0x00000000c8900000, 0x00000000c8a00000, 0x00000000c8a00000|100%| O|  |TAMS 0x00000000c8a00000, 0x00000000c8900000| Untracked 
| 128|0x00000000c8a00000, 0x00000000c8a00000, 0x00000000c8b00000|  0%| F|  |TAMS 0x00000000c8a00000, 0x00000000c8a00000| Untracked 
| 129|0x00000000c8b00000, 0x00000000c8b00000, 0x00000000c8c00000|  0%| F|  |TAMS 0x00000000c8b00000, 0x00000000c8b00000| Untracked 
| 130|0x00000000c8c00000, 0x00000000c8c00000, 0x00000000c8d00000|  0%| F|  |TAMS 0x00000000c8c00000, 0x00000000c8c00000| Untracked 
| 131|0x00000000c8d00000, 0x00000000c8d00000, 0x00000000c8e00000|  0%| F|  |TAMS 0x00000000c8d00000, 0x00000000c8d00000| Untracked 
| 132|0x00000000c8e00000, 0x00000000c8e00000, 0x00000000c8f00000|  0%| F|  |TAMS 0x00000000c8e00000, 0x00000000c8e00000| Untracked 
| 133|0x00000000c8f00000, 0x00000000c8f00000, 0x00000000c9000000|  0%| F|  |TAMS 0x00000000c8f00000, 0x00000000c8f00000| Untracked 
| 134|0x00000000c9000000, 0x00000000c9100000, 0x00000000c9100000|100%| O|  |TAMS 0x00000000c9000000, 0x00000000c9000000| Untracked 
| 135|0x00000000c9100000, 0x00000000c9200000, 0x00000000c9200000|100%| O|  |TAMS 0x00000000c9100000, 0x00000000c9100000| Untracked 
| 136|0x00000000c9200000, 0x00000000c9300000, 0x00000000c9300000|100%| O|  |TAMS 0x00000000c9200000, 0x00000000c9200000| Untracked 
| 137|0x00000000c9300000, 0x00000000c9300000, 0x00000000c9400000|  0%| F|  |TAMS 0x00000000c9300000, 0x00000000c9300000| Untracked 
| 138|0x00000000c9400000, 0x00000000c9500000, 0x00000000c9500000|100%| O|  |TAMS 0x00000000c9400000, 0x00000000c9400000| Untracked 
| 139|0x00000000c9500000, 0x00000000c9600000, 0x00000000c9600000|100%| O|  |TAMS 0x00000000c9600000, 0x00000000c9500000| Untracked 
| 140|0x00000000c9600000, 0x00000000c9700000, 0x00000000c9700000|100%| O|  |TAMS 0x00000000c9700000, 0x00000000c9600000| Untracked 
| 141|0x00000000c9700000, 0x00000000c9800000, 0x00000000c9800000|100%| O|  |TAMS 0x00000000c9800000, 0x00000000c9700000| Untracked 
| 142|0x00000000c9800000, 0x00000000c9900000, 0x00000000c9900000|100%| O|  |TAMS 0x00000000c9900000, 0x00000000c9800000| Untracked 
| 143|0x00000000c9900000, 0x00000000c9a00000, 0x00000000c9a00000|100%|HS|  |TAMS 0x00000000c9900000, 0x00000000c9900000| Complete 
| 144|0x00000000c9a00000, 0x00000000c9b00000, 0x00000000c9b00000|100%|HC|  |TAMS 0x00000000c9a00000, 0x00000000c9a00000| Complete 
| 145|0x00000000c9b00000, 0x00000000c9c00000, 0x00000000c9c00000|100%|HC|  |TAMS 0x00000000c9b00000, 0x00000000c9b00000| Complete 
| 146|0x00000000c9c00000, 0x00000000c9d00000, 0x00000000c9d00000|100%|HC|  |TAMS 0x00000000c9c00000, 0x00000000c9c00000| Complete 
| 147|0x00000000c9d00000, 0x00000000c9e00000, 0x00000000c9e00000|100%|HC|  |TAMS 0x00000000c9d00000, 0x00000000c9d00000| Complete 
| 148|0x00000000c9e00000, 0x00000000c9f00000, 0x00000000c9f00000|100%|HC|  |TAMS 0x00000000c9e00000, 0x00000000c9e00000| Complete 
| 149|0x00000000c9f00000, 0x00000000ca000000, 0x00000000ca000000|100%|HC|  |TAMS 0x00000000c9f00000, 0x00000000c9f00000| Complete 
| 150|0x00000000ca000000, 0x00000000ca100000, 0x00000000ca100000|100%|HC|  |TAMS 0x00000000ca000000, 0x00000000ca000000| Complete 
| 151|0x00000000ca100000, 0x00000000ca200000, 0x00000000ca200000|100%|HC|  |TAMS 0x00000000ca100000, 0x00000000ca100000| Complete 
| 152|0x00000000ca200000, 0x00000000ca300000, 0x00000000ca300000|100%|HC|  |TAMS 0x00000000ca200000, 0x00000000ca200000| Complete 
| 153|0x00000000ca300000, 0x00000000ca400000, 0x00000000ca400000|100%|HC|  |TAMS 0x00000000ca300000, 0x00000000ca300000| Complete 
| 154|0x00000000ca400000, 0x00000000ca500000, 0x00000000ca500000|100%|HC|  |TAMS 0x00000000ca400000, 0x00000000ca400000| Complete 
| 155|0x00000000ca500000, 0x00000000ca600000, 0x00000000ca600000|100%|HC|  |TAMS 0x00000000ca500000, 0x00000000ca500000| Complete 
| 156|0x00000000ca600000, 0x00000000ca700000, 0x00000000ca700000|100%|HC|  |TAMS 0x00000000ca600000, 0x00000000ca600000| Complete 
| 157|0x00000000ca700000, 0x00000000ca800000, 0x00000000ca800000|100%|HC|  |TAMS 0x00000000ca700000, 0x00000000ca700000| Complete 
| 158|0x00000000ca800000, 0x00000000ca900000, 0x00000000ca900000|100%|HC|  |TAMS 0x00000000ca800000, 0x00000000ca800000| Complete 
| 159|0x00000000ca900000, 0x00000000caa00000, 0x00000000caa00000|100%|HC|  |TAMS 0x00000000ca900000, 0x00000000ca900000| Complete 
| 160|0x00000000caa00000, 0x00000000cab00000, 0x00000000cab00000|100%|HC|  |TAMS 0x00000000caa00000, 0x00000000caa00000| Complete 
| 161|0x00000000cab00000, 0x00000000cac00000, 0x00000000cac00000|100%| O|  |TAMS 0x00000000cab00000, 0x00000000cab00000| Untracked 
| 162|0x00000000cac00000, 0x00000000cad00000, 0x00000000cad00000|100%| O|  |TAMS 0x00000000cac00000, 0x00000000cac00000| Untracked 
| 163|0x00000000cad00000, 0x00000000cae00000, 0x00000000cae00000|100%| O|  |TAMS 0x00000000cad00000, 0x00000000cad00000| Untracked 
| 164|0x00000000cae00000, 0x00000000caf00000, 0x00000000caf00000|100%| O|  |TAMS 0x00000000cae00000, 0x00000000cae00000| Untracked 
| 165|0x00000000caf00000, 0x00000000cb000000, 0x00000000cb000000|100%| O|  |TAMS 0x00000000caf00000, 0x00000000caf00000| Untracked 
| 166|0x00000000cb000000, 0x00000000cb000000, 0x00000000cb100000|  0%| F|  |TAMS 0x00000000cb000000, 0x00000000cb000000| Untracked 
| 167|0x00000000cb100000, 0x00000000cb100000, 0x00000000cb200000|  0%| F|  |TAMS 0x00000000cb100000, 0x00000000cb100000| Untracked 
| 168|0x00000000cb200000, 0x00000000cb200000, 0x00000000cb300000|  0%| F|  |TAMS 0x00000000cb200000, 0x00000000cb200000| Untracked 
| 169|0x00000000cb300000, 0x00000000cb300000, 0x00000000cb400000|  0%| F|  |TAMS 0x00000000cb300000, 0x00000000cb300000| Untracked 
| 170|0x00000000cb400000, 0x00000000cb400000, 0x00000000cb500000|  0%| F|  |TAMS 0x00000000cb400000, 0x00000000cb400000| Untracked 
| 171|0x00000000cb500000, 0x00000000cb500000, 0x00000000cb600000|  0%| F|  |TAMS 0x00000000cb500000, 0x00000000cb500000| Untracked 
| 172|0x00000000cb600000, 0x00000000cb600000, 0x00000000cb700000|  0%| F|  |TAMS 0x00000000cb600000, 0x00000000cb600000| Untracked 
| 173|0x00000000cb700000, 0x00000000cb700000, 0x00000000cb800000|  0%| F|  |TAMS 0x00000000cb700000, 0x00000000cb700000| Untracked 
| 174|0x00000000cb800000, 0x00000000cb800000, 0x00000000cb900000|  0%| F|  |TAMS 0x00000000cb800000, 0x00000000cb800000| Untracked 
| 175|0x00000000cb900000, 0x00000000cb900000, 0x00000000cba00000|  0%| F|  |TAMS 0x00000000cb900000, 0x00000000cb900000| Untracked 
| 176|0x00000000cba00000, 0x00000000cba00000, 0x00000000cbb00000|  0%| F|  |TAMS 0x00000000cba00000, 0x00000000cba00000| Untracked 
| 177|0x00000000cbb00000, 0x00000000cbb00000, 0x00000000cbc00000|  0%| F|  |TAMS 0x00000000cbb00000, 0x00000000cbb00000| Untracked 
| 178|0x00000000cbc00000, 0x00000000cbc00000, 0x00000000cbd00000|  0%| F|  |TAMS 0x00000000cbc00000, 0x00000000cbc00000| Untracked 
| 179|0x00000000cbd00000, 0x00000000cbd00000, 0x00000000cbe00000|  0%| F|  |TAMS 0x00000000cbd00000, 0x00000000cbd00000| Untracked 
| 180|0x00000000cbe00000, 0x00000000cbe00000, 0x00000000cbf00000|  0%| F|  |TAMS 0x00000000cbe00000, 0x00000000cbe00000| Untracked 
| 181|0x00000000cbf00000, 0x00000000cbf00000, 0x00000000cc000000|  0%| F|  |TAMS 0x00000000cbf00000, 0x00000000cbf00000| Untracked 
| 182|0x00000000cc000000, 0x00000000cc000000, 0x00000000cc100000|  0%| F|  |TAMS 0x00000000cc000000, 0x00000000cc000000| Untracked 
| 183|0x00000000cc100000, 0x00000000cc100000, 0x00000000cc200000|  0%| F|  |TAMS 0x00000000cc100000, 0x00000000cc100000| Untracked 
| 184|0x00000000cc200000, 0x00000000cc200000, 0x00000000cc300000|  0%| F|  |TAMS 0x00000000cc200000, 0x00000000cc200000| Untracked 
| 185|0x00000000cc300000, 0x00000000cc300000, 0x00000000cc400000|  0%| F|  |TAMS 0x00000000cc300000, 0x00000000cc300000| Untracked 
| 186|0x00000000cc400000, 0x00000000cc400000, 0x00000000cc500000|  0%| F|  |TAMS 0x00000000cc400000, 0x00000000cc400000| Untracked 
| 187|0x00000000cc500000, 0x00000000cc500000, 0x00000000cc600000|  0%| F|  |TAMS 0x00000000cc500000, 0x00000000cc500000| Untracked 
| 188|0x00000000cc600000, 0x00000000cc600000, 0x00000000cc700000|  0%| F|  |TAMS 0x00000000cc600000, 0x00000000cc600000| Untracked 
| 189|0x00000000cc700000, 0x00000000cc700000, 0x00000000cc800000|  0%| F|  |TAMS 0x00000000cc700000, 0x00000000cc700000| Untracked 
| 190|0x00000000cc800000, 0x00000000cc800000, 0x00000000cc900000|  0%| F|  |TAMS 0x00000000cc800000, 0x00000000cc800000| Untracked 
| 191|0x00000000cc900000, 0x00000000cc900000, 0x00000000cca00000|  0%| F|  |TAMS 0x00000000cc900000, 0x00000000cc900000| Untracked 
| 192|0x00000000cca00000, 0x00000000cca00000, 0x00000000ccb00000|  0%| F|  |TAMS 0x00000000cca00000, 0x00000000cca00000| Untracked 
| 193|0x00000000ccb00000, 0x00000000ccb00000, 0x00000000ccc00000|  0%| F|  |TAMS 0x00000000ccb00000, 0x00000000ccb00000| Untracked 
| 194|0x00000000ccc00000, 0x00000000ccc00000, 0x00000000ccd00000|  0%| F|  |TAMS 0x00000000ccc00000, 0x00000000ccc00000| Untracked 
| 195|0x00000000ccd00000, 0x00000000ccd00000, 0x00000000cce00000|  0%| F|  |TAMS 0x00000000ccd00000, 0x00000000ccd00000| Untracked 
| 196|0x00000000cce00000, 0x00000000cce00000, 0x00000000ccf00000|  0%| F|  |TAMS 0x00000000cce00000, 0x00000000cce00000| Untracked 
| 197|0x00000000ccf00000, 0x00000000ccf00000, 0x00000000cd000000|  0%| F|  |TAMS 0x00000000ccf00000, 0x00000000ccf00000| Untracked 
| 198|0x00000000cd000000, 0x00000000cd000000, 0x00000000cd100000|  0%| F|  |TAMS 0x00000000cd000000, 0x00000000cd000000| Untracked 
| 199|0x00000000cd100000, 0x00000000cd100000, 0x00000000cd200000|  0%| F|  |TAMS 0x00000000cd100000, 0x00000000cd100000| Untracked 
| 200|0x00000000cd200000, 0x00000000cd200000, 0x00000000cd300000|  0%| F|  |TAMS 0x00000000cd200000, 0x00000000cd200000| Untracked 
| 201|0x00000000cd300000, 0x00000000cd300000, 0x00000000cd400000|  0%| F|  |TAMS 0x00000000cd300000, 0x00000000cd300000| Untracked 
| 202|0x00000000cd400000, 0x00000000cd400000, 0x00000000cd500000|  0%| F|  |TAMS 0x00000000cd400000, 0x00000000cd400000| Untracked 
| 203|0x00000000cd500000, 0x00000000cd500000, 0x00000000cd600000|  0%| F|  |TAMS 0x00000000cd500000, 0x00000000cd500000| Untracked 
| 204|0x00000000cd600000, 0x00000000cd600000, 0x00000000cd700000|  0%| F|  |TAMS 0x00000000cd600000, 0x00000000cd600000| Untracked 
| 205|0x00000000cd700000, 0x00000000cd700000, 0x00000000cd800000|  0%| F|  |TAMS 0x00000000cd700000, 0x00000000cd700000| Untracked 
| 206|0x00000000cd800000, 0x00000000cd800000, 0x00000000cd900000|  0%| F|  |TAMS 0x00000000cd800000, 0x00000000cd800000| Untracked 
| 207|0x00000000cd900000, 0x00000000cd900000, 0x00000000cda00000|  0%| F|  |TAMS 0x00000000cd900000, 0x00000000cd900000| Untracked 
| 208|0x00000000cda00000, 0x00000000cda00000, 0x00000000cdb00000|  0%| F|  |TAMS 0x00000000cda00000, 0x00000000cda00000| Untracked 
| 209|0x00000000cdb00000, 0x00000000cdb00000, 0x00000000cdc00000|  0%| F|  |TAMS 0x00000000cdb00000, 0x00000000cdb00000| Untracked 
| 210|0x00000000cdc00000, 0x00000000cdc00000, 0x00000000cdd00000|  0%| F|  |TAMS 0x00000000cdc00000, 0x00000000cdc00000| Untracked 
| 211|0x00000000cdd00000, 0x00000000cdd00000, 0x00000000cde00000|  0%| F|  |TAMS 0x00000000cdd00000, 0x00000000cdd00000| Untracked 
| 212|0x00000000cde00000, 0x00000000cde00000, 0x00000000cdf00000|  0%| F|  |TAMS 0x00000000cde00000, 0x00000000cde00000| Untracked 
| 213|0x00000000cdf00000, 0x00000000cdf00000, 0x00000000ce000000|  0%| F|  |TAMS 0x00000000cdf00000, 0x00000000cdf00000| Untracked 
| 214|0x00000000ce000000, 0x00000000ce000000, 0x00000000ce100000|  0%| F|  |TAMS 0x00000000ce000000, 0x00000000ce000000| Untracked 
| 215|0x00000000ce100000, 0x00000000ce100000, 0x00000000ce200000|  0%| F|  |TAMS 0x00000000ce100000, 0x00000000ce100000| Untracked 
| 216|0x00000000ce200000, 0x00000000ce200000, 0x00000000ce300000|  0%| F|  |TAMS 0x00000000ce200000, 0x00000000ce200000| Untracked 
| 217|0x00000000ce300000, 0x00000000ce300000, 0x00000000ce400000|  0%| F|  |TAMS 0x00000000ce300000, 0x00000000ce300000| Untracked 
| 218|0x00000000ce400000, 0x00000000ce400000, 0x00000000ce500000|  0%| F|  |TAMS 0x00000000ce400000, 0x00000000ce400000| Untracked 
| 219|0x00000000ce500000, 0x00000000ce500000, 0x00000000ce600000|  0%| F|  |TAMS 0x00000000ce500000, 0x00000000ce500000| Untracked 
| 220|0x00000000ce600000, 0x00000000ce600000, 0x00000000ce700000|  0%| F|  |TAMS 0x00000000ce600000, 0x00000000ce600000| Untracked 
| 221|0x00000000ce700000, 0x00000000ce700000, 0x00000000ce800000|  0%| F|  |TAMS 0x00000000ce700000, 0x00000000ce700000| Untracked 
| 222|0x00000000ce800000, 0x00000000ce800000, 0x00000000ce900000|  0%| F|  |TAMS 0x00000000ce800000, 0x00000000ce800000| Untracked 
| 223|0x00000000ce900000, 0x00000000ce900000, 0x00000000cea00000|  0%| F|  |TAMS 0x00000000ce900000, 0x00000000ce900000| Untracked 
| 224|0x00000000cea00000, 0x00000000cea00000, 0x00000000ceb00000|  0%| F|  |TAMS 0x00000000cea00000, 0x00000000cea00000| Untracked 
| 225|0x00000000ceb00000, 0x00000000ceb00000, 0x00000000cec00000|  0%| F|  |TAMS 0x00000000ceb00000, 0x00000000ceb00000| Untracked 
| 226|0x00000000cec00000, 0x00000000cec00000, 0x00000000ced00000|  0%| F|  |TAMS 0x00000000cec00000, 0x00000000cec00000| Untracked 
| 227|0x00000000ced00000, 0x00000000ced00000, 0x00000000cee00000|  0%| F|  |TAMS 0x00000000ced00000, 0x00000000ced00000| Untracked 
| 228|0x00000000cee00000, 0x00000000cee00000, 0x00000000cef00000|  0%| F|  |TAMS 0x00000000cee00000, 0x00000000cee00000| Untracked 
| 229|0x00000000cef00000, 0x00000000cef00000, 0x00000000cf000000|  0%| F|  |TAMS 0x00000000cef00000, 0x00000000cef00000| Untracked 
| 230|0x00000000cf000000, 0x00000000cf000000, 0x00000000cf100000|  0%| F|  |TAMS 0x00000000cf000000, 0x00000000cf000000| Untracked 
| 231|0x00000000cf100000, 0x00000000cf100000, 0x00000000cf200000|  0%| F|  |TAMS 0x00000000cf100000, 0x00000000cf100000| Untracked 
| 232|0x00000000cf200000, 0x00000000cf200000, 0x00000000cf300000|  0%| F|  |TAMS 0x00000000cf200000, 0x00000000cf200000| Untracked 
| 233|0x00000000cf300000, 0x00000000cf300000, 0x00000000cf400000|  0%| F|  |TAMS 0x00000000cf300000, 0x00000000cf300000| Untracked 
| 234|0x00000000cf400000, 0x00000000cf400000, 0x00000000cf500000|  0%| F|  |TAMS 0x00000000cf400000, 0x00000000cf400000| Untracked 
| 235|0x00000000cf500000, 0x00000000cf500000, 0x00000000cf600000|  0%| F|  |TAMS 0x00000000cf500000, 0x00000000cf500000| Untracked 
| 236|0x00000000cf600000, 0x00000000cf600000, 0x00000000cf700000|  0%| F|  |TAMS 0x00000000cf600000, 0x00000000cf600000| Untracked 
| 237|0x00000000cf700000, 0x00000000cf700000, 0x00000000cf800000|  0%| F|  |TAMS 0x00000000cf700000, 0x00000000cf700000| Untracked 
| 238|0x00000000cf800000, 0x00000000cf800000, 0x00000000cf900000|  0%| F|  |TAMS 0x00000000cf800000, 0x00000000cf800000| Untracked 
| 239|0x00000000cf900000, 0x00000000cf900000, 0x00000000cfa00000|  0%| F|  |TAMS 0x00000000cf900000, 0x00000000cf900000| Untracked 
| 240|0x00000000cfa00000, 0x00000000cfa00000, 0x00000000cfb00000|  0%| F|  |TAMS 0x00000000cfa00000, 0x00000000cfa00000| Untracked 
| 241|0x00000000cfb00000, 0x00000000cfb00000, 0x00000000cfc00000|  0%| F|  |TAMS 0x00000000cfb00000, 0x00000000cfb00000| Untracked 
| 242|0x00000000cfc00000, 0x00000000cfc00000, 0x00000000cfd00000|  0%| F|  |TAMS 0x00000000cfc00000, 0x00000000cfc00000| Untracked 
| 243|0x00000000cfd00000, 0x00000000cfd00000, 0x00000000cfe00000|  0%| F|  |TAMS 0x00000000cfd00000, 0x00000000cfd00000| Untracked 
| 244|0x00000000cfe00000, 0x00000000cfe00000, 0x00000000cff00000|  0%| F|  |TAMS 0x00000000cfe00000, 0x00000000cfe00000| Untracked 
| 245|0x00000000cff00000, 0x00000000cff00000, 0x00000000d0000000|  0%| F|  |TAMS 0x00000000cff00000, 0x00000000cff00000| Untracked 
| 246|0x00000000d0000000, 0x00000000d0000000, 0x00000000d0100000|  0%| F|  |TAMS 0x00000000d0000000, 0x00000000d0000000| Untracked 
| 247|0x00000000d0100000, 0x00000000d0100000, 0x00000000d0200000|  0%| F|  |TAMS 0x00000000d0100000, 0x00000000d0100000| Untracked 
| 248|0x00000000d0200000, 0x00000000d0200000, 0x00000000d0300000|  0%| F|  |TAMS 0x00000000d0200000, 0x00000000d0200000| Untracked 
| 249|0x00000000d0300000, 0x00000000d0300000, 0x00000000d0400000|  0%| F|  |TAMS 0x00000000d0300000, 0x00000000d0300000| Untracked 
| 250|0x00000000d0400000, 0x00000000d0400000, 0x00000000d0500000|  0%| F|  |TAMS 0x00000000d0400000, 0x00000000d0400000| Untracked 
| 251|0x00000000d0500000, 0x00000000d0500000, 0x00000000d0600000|  0%| F|  |TAMS 0x00000000d0500000, 0x00000000d0500000| Untracked 
| 252|0x00000000d0600000, 0x00000000d0600000, 0x00000000d0700000|  0%| F|  |TAMS 0x00000000d0600000, 0x00000000d0600000| Untracked 
| 253|0x00000000d0700000, 0x00000000d0700000, 0x00000000d0800000|  0%| F|  |TAMS 0x00000000d0700000, 0x00000000d0700000| Untracked 
| 254|0x00000000d0800000, 0x00000000d0800000, 0x00000000d0900000|  0%| F|  |TAMS 0x00000000d0800000, 0x00000000d0800000| Untracked 
| 255|0x00000000d0900000, 0x00000000d0900000, 0x00000000d0a00000|  0%| F|  |TAMS 0x00000000d0900000, 0x00000000d0900000| Untracked 
| 256|0x00000000d0a00000, 0x00000000d0a00000, 0x00000000d0b00000|  0%| F|  |TAMS 0x00000000d0a00000, 0x00000000d0a00000| Untracked 
| 257|0x00000000d0b00000, 0x00000000d0b00000, 0x00000000d0c00000|  0%| F|  |TAMS 0x00000000d0b00000, 0x00000000d0b00000| Untracked 
| 258|0x00000000d0c00000, 0x00000000d0c00000, 0x00000000d0d00000|  0%| F|  |TAMS 0x00000000d0c00000, 0x00000000d0c00000| Untracked 
| 259|0x00000000d0d00000, 0x00000000d0d00000, 0x00000000d0e00000|  0%| F|  |TAMS 0x00000000d0d00000, 0x00000000d0d00000| Untracked 
| 260|0x00000000d0e00000, 0x00000000d0e00000, 0x00000000d0f00000|  0%| F|  |TAMS 0x00000000d0e00000, 0x00000000d0e00000| Untracked 
| 261|0x00000000d0f00000, 0x00000000d0f00000, 0x00000000d1000000|  0%| F|  |TAMS 0x00000000d0f00000, 0x00000000d0f00000| Untracked 
| 262|0x00000000d1000000, 0x00000000d1000000, 0x00000000d1100000|  0%| F|  |TAMS 0x00000000d1000000, 0x00000000d1000000| Untracked 
| 263|0x00000000d1100000, 0x00000000d1100000, 0x00000000d1200000|  0%| F|  |TAMS 0x00000000d1100000, 0x00000000d1100000| Untracked 
| 264|0x00000000d1200000, 0x00000000d1200000, 0x00000000d1300000|  0%| F|  |TAMS 0x00000000d1200000, 0x00000000d1200000| Untracked 
| 265|0x00000000d1300000, 0x00000000d1300000, 0x00000000d1400000|  0%| F|  |TAMS 0x00000000d1300000, 0x00000000d1300000| Untracked 
| 266|0x00000000d1400000, 0x00000000d1400000, 0x00000000d1500000|  0%| F|  |TAMS 0x00000000d1400000, 0x00000000d1400000| Untracked 
| 267|0x00000000d1500000, 0x00000000d1500000, 0x00000000d1600000|  0%| F|  |TAMS 0x00000000d1500000, 0x00000000d1500000| Untracked 
| 268|0x00000000d1600000, 0x00000000d1600000, 0x00000000d1700000|  0%| F|  |TAMS 0x00000000d1600000, 0x00000000d1600000| Untracked 
| 269|0x00000000d1700000, 0x00000000d1700000, 0x00000000d1800000|  0%| F|  |TAMS 0x00000000d1700000, 0x00000000d1700000| Untracked 
| 270|0x00000000d1800000, 0x00000000d1800000, 0x00000000d1900000|  0%| F|  |TAMS 0x00000000d1800000, 0x00000000d1800000| Untracked 
| 271|0x00000000d1900000, 0x00000000d1900000, 0x00000000d1a00000|  0%| F|  |TAMS 0x00000000d1900000, 0x00000000d1900000| Untracked 
| 272|0x00000000d1a00000, 0x00000000d1a00000, 0x00000000d1b00000|  0%| F|  |TAMS 0x00000000d1a00000, 0x00000000d1a00000| Untracked 
| 273|0x00000000d1b00000, 0x00000000d1b00000, 0x00000000d1c00000|  0%| F|  |TAMS 0x00000000d1b00000, 0x00000000d1b00000| Untracked 
| 274|0x00000000d1c00000, 0x00000000d1c00000, 0x00000000d1d00000|  0%| F|  |TAMS 0x00000000d1c00000, 0x00000000d1c00000| Untracked 
| 275|0x00000000d1d00000, 0x00000000d1d00000, 0x00000000d1e00000|  0%| F|  |TAMS 0x00000000d1d00000, 0x00000000d1d00000| Untracked 
| 276|0x00000000d1e00000, 0x00000000d1e00000, 0x00000000d1f00000|  0%| F|  |TAMS 0x00000000d1e00000, 0x00000000d1e00000| Untracked 
| 277|0x00000000d1f00000, 0x00000000d1f00000, 0x00000000d2000000|  0%| F|  |TAMS 0x00000000d1f00000, 0x00000000d1f00000| Untracked 
| 278|0x00000000d2000000, 0x00000000d2000000, 0x00000000d2100000|  0%| F|  |TAMS 0x00000000d2000000, 0x00000000d2000000| Untracked 
| 279|0x00000000d2100000, 0x00000000d2100000, 0x00000000d2200000|  0%| F|  |TAMS 0x00000000d2100000, 0x00000000d2100000| Untracked 
| 280|0x00000000d2200000, 0x00000000d2200000, 0x00000000d2300000|  0%| F|  |TAMS 0x00000000d2200000, 0x00000000d2200000| Untracked 
| 281|0x00000000d2300000, 0x00000000d2300000, 0x00000000d2400000|  0%| F|  |TAMS 0x00000000d2300000, 0x00000000d2300000| Untracked 
| 282|0x00000000d2400000, 0x00000000d2400000, 0x00000000d2500000|  0%| F|  |TAMS 0x00000000d2400000, 0x00000000d2400000| Untracked 
| 283|0x00000000d2500000, 0x00000000d2500000, 0x00000000d2600000|  0%| F|  |TAMS 0x00000000d2500000, 0x00000000d2500000| Untracked 
| 284|0x00000000d2600000, 0x00000000d2600000, 0x00000000d2700000|  0%| F|  |TAMS 0x00000000d2600000, 0x00000000d2600000| Untracked 
| 285|0x00000000d2700000, 0x00000000d2700000, 0x00000000d2800000|  0%| F|  |TAMS 0x00000000d2700000, 0x00000000d2700000| Untracked 
| 286|0x00000000d2800000, 0x00000000d2800000, 0x00000000d2900000|  0%| F|  |TAMS 0x00000000d2800000, 0x00000000d2800000| Untracked 
| 287|0x00000000d2900000, 0x00000000d2900000, 0x00000000d2a00000|  0%| F|  |TAMS 0x00000000d2900000, 0x00000000d2900000| Untracked 
| 288|0x00000000d2a00000, 0x00000000d2a00000, 0x00000000d2b00000|  0%| F|  |TAMS 0x00000000d2a00000, 0x00000000d2a00000| Untracked 
| 289|0x00000000d2b00000, 0x00000000d2b00000, 0x00000000d2c00000|  0%| F|  |TAMS 0x00000000d2b00000, 0x00000000d2b00000| Untracked 
| 290|0x00000000d2c00000, 0x00000000d2c00000, 0x00000000d2d00000|  0%| F|  |TAMS 0x00000000d2c00000, 0x00000000d2c00000| Untracked 
| 291|0x00000000d2d00000, 0x00000000d2d00000, 0x00000000d2e00000|  0%| F|  |TAMS 0x00000000d2d00000, 0x00000000d2d00000| Untracked 
| 292|0x00000000d2e00000, 0x00000000d2e00000, 0x00000000d2f00000|  0%| F|  |TAMS 0x00000000d2e00000, 0x00000000d2e00000| Untracked 
| 293|0x00000000d2f00000, 0x00000000d2f00000, 0x00000000d3000000|  0%| F|  |TAMS 0x00000000d2f00000, 0x00000000d2f00000| Untracked 
| 294|0x00000000d3000000, 0x00000000d3000000, 0x00000000d3100000|  0%| F|  |TAMS 0x00000000d3000000, 0x00000000d3000000| Untracked 
| 295|0x00000000d3100000, 0x00000000d3100000, 0x00000000d3200000|  0%| F|  |TAMS 0x00000000d3100000, 0x00000000d3100000| Untracked 
| 296|0x00000000d3200000, 0x00000000d3200000, 0x00000000d3300000|  0%| F|  |TAMS 0x00000000d3200000, 0x00000000d3200000| Untracked 
| 297|0x00000000d3300000, 0x00000000d3300000, 0x00000000d3400000|  0%| F|  |TAMS 0x00000000d3300000, 0x00000000d3300000| Untracked 
| 298|0x00000000d3400000, 0x00000000d3400000, 0x00000000d3500000|  0%| F|  |TAMS 0x00000000d3400000, 0x00000000d3400000| Untracked 
| 299|0x00000000d3500000, 0x00000000d3500000, 0x00000000d3600000|  0%| F|  |TAMS 0x00000000d3500000, 0x00000000d3500000| Untracked 
| 300|0x00000000d3600000, 0x00000000d3600000, 0x00000000d3700000|  0%| F|  |TAMS 0x00000000d3600000, 0x00000000d3600000| Untracked 
| 301|0x00000000d3700000, 0x00000000d3700000, 0x00000000d3800000|  0%| F|  |TAMS 0x00000000d3700000, 0x00000000d3700000| Untracked 
| 302|0x00000000d3800000, 0x00000000d3800000, 0x00000000d3900000|  0%| F|  |TAMS 0x00000000d3800000, 0x00000000d3800000| Untracked 
| 303|0x00000000d3900000, 0x00000000d3900000, 0x00000000d3a00000|  0%| F|  |TAMS 0x00000000d3900000, 0x00000000d3900000| Untracked 
| 304|0x00000000d3a00000, 0x00000000d3a00000, 0x00000000d3b00000|  0%| F|  |TAMS 0x00000000d3a00000, 0x00000000d3a00000| Untracked 
| 305|0x00000000d3b00000, 0x00000000d3b00000, 0x00000000d3c00000|  0%| F|  |TAMS 0x00000000d3b00000, 0x00000000d3b00000| Untracked 
| 306|0x00000000d3c00000, 0x00000000d3c00000, 0x00000000d3d00000|  0%| F|  |TAMS 0x00000000d3c00000, 0x00000000d3c00000| Untracked 
| 307|0x00000000d3d00000, 0x00000000d3d00000, 0x00000000d3e00000|  0%| F|  |TAMS 0x00000000d3d00000, 0x00000000d3d00000| Untracked 
| 308|0x00000000d3e00000, 0x00000000d3e00000, 0x00000000d3f00000|  0%| F|  |TAMS 0x00000000d3e00000, 0x00000000d3e00000| Untracked 
| 309|0x00000000d3f00000, 0x00000000d3f00000, 0x00000000d4000000|  0%| F|  |TAMS 0x00000000d3f00000, 0x00000000d3f00000| Untracked 
| 310|0x00000000d4000000, 0x00000000d4000000, 0x00000000d4100000|  0%| F|  |TAMS 0x00000000d4000000, 0x00000000d4000000| Untracked 
| 311|0x00000000d4100000, 0x00000000d4100000, 0x00000000d4200000|  0%| F|  |TAMS 0x00000000d4100000, 0x00000000d4100000| Untracked 
| 312|0x00000000d4200000, 0x00000000d4200000, 0x00000000d4300000|  0%| F|  |TAMS 0x00000000d4200000, 0x00000000d4200000| Untracked 
| 313|0x00000000d4300000, 0x00000000d4300000, 0x00000000d4400000|  0%| F|  |TAMS 0x00000000d4300000, 0x00000000d4300000| Untracked 
| 314|0x00000000d4400000, 0x00000000d4400000, 0x00000000d4500000|  0%| F|  |TAMS 0x00000000d4400000, 0x00000000d4400000| Untracked 
| 315|0x00000000d4500000, 0x00000000d4500000, 0x00000000d4600000|  0%| F|  |TAMS 0x00000000d4500000, 0x00000000d4500000| Untracked 
| 316|0x00000000d4600000, 0x00000000d4600000, 0x00000000d4700000|  0%| F|  |TAMS 0x00000000d4600000, 0x00000000d4600000| Untracked 
| 317|0x00000000d4700000, 0x00000000d4700000, 0x00000000d4800000|  0%| F|  |TAMS 0x00000000d4700000, 0x00000000d4700000| Untracked 
| 318|0x00000000d4800000, 0x00000000d4800000, 0x00000000d4900000|  0%| F|  |TAMS 0x00000000d4800000, 0x00000000d4800000| Untracked 
| 319|0x00000000d4900000, 0x00000000d4900000, 0x00000000d4a00000|  0%| F|  |TAMS 0x00000000d4900000, 0x00000000d4900000| Untracked 
| 320|0x00000000d4a00000, 0x00000000d4a00000, 0x00000000d4b00000|  0%| F|  |TAMS 0x00000000d4a00000, 0x00000000d4a00000| Untracked 
| 321|0x00000000d4b00000, 0x00000000d4b00000, 0x00000000d4c00000|  0%| F|  |TAMS 0x00000000d4b00000, 0x00000000d4b00000| Untracked 
| 322|0x00000000d4c00000, 0x00000000d4c00000, 0x00000000d4d00000|  0%| F|  |TAMS 0x00000000d4c00000, 0x00000000d4c00000| Untracked 
| 323|0x00000000d4d00000, 0x00000000d4d00000, 0x00000000d4e00000|  0%| F|  |TAMS 0x00000000d4d00000, 0x00000000d4d00000| Untracked 
| 324|0x00000000d4e00000, 0x00000000d4e00000, 0x00000000d4f00000|  0%| F|  |TAMS 0x00000000d4e00000, 0x00000000d4e00000| Untracked 
| 325|0x00000000d4f00000, 0x00000000d4f00000, 0x00000000d5000000|  0%| F|  |TAMS 0x00000000d4f00000, 0x00000000d4f00000| Untracked 
| 326|0x00000000d5000000, 0x00000000d5000000, 0x00000000d5100000|  0%| F|  |TAMS 0x00000000d5000000, 0x00000000d5000000| Untracked 
| 327|0x00000000d5100000, 0x00000000d5100000, 0x00000000d5200000|  0%| F|  |TAMS 0x00000000d5100000, 0x00000000d5100000| Untracked 
| 328|0x00000000d5200000, 0x00000000d5200000, 0x00000000d5300000|  0%| F|  |TAMS 0x00000000d5200000, 0x00000000d5200000| Untracked 
| 329|0x00000000d5300000, 0x00000000d5300000, 0x00000000d5400000|  0%| F|  |TAMS 0x00000000d5300000, 0x00000000d5300000| Untracked 
| 330|0x00000000d5400000, 0x00000000d5400000, 0x00000000d5500000|  0%| F|  |TAMS 0x00000000d5400000, 0x00000000d5400000| Untracked 
| 331|0x00000000d5500000, 0x00000000d5500000, 0x00000000d5600000|  0%| F|  |TAMS 0x00000000d5500000, 0x00000000d5500000| Untracked 
| 332|0x00000000d5600000, 0x00000000d5600000, 0x00000000d5700000|  0%| F|  |TAMS 0x00000000d5600000, 0x00000000d5600000| Untracked 
| 333|0x00000000d5700000, 0x00000000d5700000, 0x00000000d5800000|  0%| F|  |TAMS 0x00000000d5700000, 0x00000000d5700000| Untracked 
| 334|0x00000000d5800000, 0x00000000d5800000, 0x00000000d5900000|  0%| F|  |TAMS 0x00000000d5800000, 0x00000000d5800000| Untracked 
| 335|0x00000000d5900000, 0x00000000d5900000, 0x00000000d5a00000|  0%| F|  |TAMS 0x00000000d5900000, 0x00000000d5900000| Untracked 
| 336|0x00000000d5a00000, 0x00000000d5a00000, 0x00000000d5b00000|  0%| F|  |TAMS 0x00000000d5a00000, 0x00000000d5a00000| Untracked 
| 337|0x00000000d5b00000, 0x00000000d5b00000, 0x00000000d5c00000|  0%| F|  |TAMS 0x00000000d5b00000, 0x00000000d5b00000| Untracked 
| 338|0x00000000d5c00000, 0x00000000d5c00000, 0x00000000d5d00000|  0%| F|  |TAMS 0x00000000d5c00000, 0x00000000d5c00000| Untracked 
| 339|0x00000000d5d00000, 0x00000000d5d00000, 0x00000000d5e00000|  0%| F|  |TAMS 0x00000000d5d00000, 0x00000000d5d00000| Untracked 
| 340|0x00000000d5e00000, 0x00000000d5e77f80, 0x00000000d5f00000| 46%| S|CS|TAMS 0x00000000d5e00000, 0x00000000d5e00000| Complete 
| 341|0x00000000d5f00000, 0x00000000d6000000, 0x00000000d6000000|100%| S|CS|TAMS 0x00000000d5f00000, 0x00000000d5f00000| Complete 
| 342|0x00000000d6000000, 0x00000000d6000000, 0x00000000d6100000|  0%| F|  |TAMS 0x00000000d6000000, 0x00000000d6000000| Untracked 
| 343|0x00000000d6100000, 0x00000000d6100000, 0x00000000d6200000|  0%| F|  |TAMS 0x00000000d6100000, 0x00000000d6100000| Untracked 
| 344|0x00000000d6200000, 0x00000000d6200000, 0x00000000d6300000|  0%| F|  |TAMS 0x00000000d6200000, 0x00000000d6200000| Untracked 
| 345|0x00000000d6300000, 0x00000000d6300000, 0x00000000d6400000|  0%| F|  |TAMS 0x00000000d6300000, 0x00000000d6300000| Untracked 
| 346|0x00000000d6400000, 0x00000000d6400000, 0x00000000d6500000|  0%| F|  |TAMS 0x00000000d6400000, 0x00000000d6400000| Untracked 
| 347|0x00000000d6500000, 0x00000000d6500000, 0x00000000d6600000|  0%| F|  |TAMS 0x00000000d6500000, 0x00000000d6500000| Untracked 
| 348|0x00000000d6600000, 0x00000000d6600000, 0x00000000d6700000|  0%| F|  |TAMS 0x00000000d6600000, 0x00000000d6600000| Untracked 
| 349|0x00000000d6700000, 0x00000000d6700000, 0x00000000d6800000|  0%| F|  |TAMS 0x00000000d6700000, 0x00000000d6700000| Untracked 
| 350|0x00000000d6800000, 0x00000000d6800000, 0x00000000d6900000|  0%| F|  |TAMS 0x00000000d6800000, 0x00000000d6800000| Untracked 
| 351|0x00000000d6900000, 0x00000000d6900000, 0x00000000d6a00000|  0%| F|  |TAMS 0x00000000d6900000, 0x00000000d6900000| Untracked 
| 352|0x00000000d6a00000, 0x00000000d6a00000, 0x00000000d6b00000|  0%| F|  |TAMS 0x00000000d6a00000, 0x00000000d6a00000| Untracked 
| 353|0x00000000d6b00000, 0x00000000d6b00000, 0x00000000d6c00000|  0%| F|  |TAMS 0x00000000d6b00000, 0x00000000d6b00000| Untracked 
| 354|0x00000000d6c00000, 0x00000000d6c00000, 0x00000000d6d00000|  0%| F|  |TAMS 0x00000000d6c00000, 0x00000000d6c00000| Untracked 
| 355|0x00000000d6d00000, 0x00000000d6d00000, 0x00000000d6e00000|  0%| F|  |TAMS 0x00000000d6d00000, 0x00000000d6d00000| Untracked 
| 356|0x00000000d6e00000, 0x00000000d6e00000, 0x00000000d6f00000|  0%| F|  |TAMS 0x00000000d6e00000, 0x00000000d6e00000| Untracked 
| 357|0x00000000d6f00000, 0x00000000d6f00000, 0x00000000d7000000|  0%| F|  |TAMS 0x00000000d6f00000, 0x00000000d6f00000| Untracked 
| 358|0x00000000d7000000, 0x00000000d7000000, 0x00000000d7100000|  0%| F|  |TAMS 0x00000000d7000000, 0x00000000d7000000| Untracked 
| 359|0x00000000d7100000, 0x00000000d7100000, 0x00000000d7200000|  0%| F|  |TAMS 0x00000000d7100000, 0x00000000d7100000| Untracked 
| 360|0x00000000d7200000, 0x00000000d7200000, 0x00000000d7300000|  0%| F|  |TAMS 0x00000000d7200000, 0x00000000d7200000| Untracked 
| 361|0x00000000d7300000, 0x00000000d7300000, 0x00000000d7400000|  0%| F|  |TAMS 0x00000000d7300000, 0x00000000d7300000| Untracked 
| 362|0x00000000d7400000, 0x00000000d7400000, 0x00000000d7500000|  0%| F|  |TAMS 0x00000000d7400000, 0x00000000d7400000| Untracked 
| 363|0x00000000d7500000, 0x00000000d7500000, 0x00000000d7600000|  0%| F|  |TAMS 0x00000000d7500000, 0x00000000d7500000| Untracked 
| 364|0x00000000d7600000, 0x00000000d7600000, 0x00000000d7700000|  0%| F|  |TAMS 0x00000000d7600000, 0x00000000d7600000| Untracked 
| 365|0x00000000d7700000, 0x00000000d7700000, 0x00000000d7800000|  0%| F|  |TAMS 0x00000000d7700000, 0x00000000d7700000| Untracked 
| 366|0x00000000d7800000, 0x00000000d7800000, 0x00000000d7900000|  0%| F|  |TAMS 0x00000000d7800000, 0x00000000d7800000| Untracked 
| 367|0x00000000d7900000, 0x00000000d7900000, 0x00000000d7a00000|  0%| F|  |TAMS 0x00000000d7900000, 0x00000000d7900000| Untracked 
| 368|0x00000000d7a00000, 0x00000000d7a00000, 0x00000000d7b00000|  0%| F|  |TAMS 0x00000000d7a00000, 0x00000000d7a00000| Untracked 
| 369|0x00000000d7b00000, 0x00000000d7b00000, 0x00000000d7c00000|  0%| F|  |TAMS 0x00000000d7b00000, 0x00000000d7b00000| Untracked 
| 370|0x00000000d7c00000, 0x00000000d7c00000, 0x00000000d7d00000|  0%| F|  |TAMS 0x00000000d7c00000, 0x00000000d7c00000| Untracked 
| 371|0x00000000d7d00000, 0x00000000d7d00000, 0x00000000d7e00000|  0%| F|  |TAMS 0x00000000d7d00000, 0x00000000d7d00000| Untracked 

Card table byte_map: [0x00000204b2130000,0x00000204b2330000] _byte_map_base: 0x00000204b1b2b000

Marking Bits (Prev, Next): (CMBitMap*) 0x000002049d4fc6f8, (CMBitMap*) 0x000002049d4fc730
 Prev Bits: [0x00000204b2530000, 0x00000204b3508000)
 Next Bits: [0x00000204b3510000, 0x00000204b44e8000)

Polling page: 0x000002049d340000

Metaspace:

Usage:
  Non-class:     39.54 MB capacity,    39.10 MB ( 99%) used,   350.25 KB ( <1%) free+waste,    94.94 KB ( <1%) overhead. 
      Class:      4.88 MB capacity,     4.59 MB ( 94%) used,   252.35 KB (  5%) free+waste,    41.25 KB ( <1%) overhead. 
       Both:     44.41 MB capacity,    43.69 MB ( 98%) used,   602.60 KB (  1%) free+waste,   136.19 KB ( <1%) overhead. 

Virtual space:
  Non-class space:       40.00 MB reserved,      39.67 MB (>99%) committed 
      Class space:        1.00 GB reserved,       4.88 MB ( <1%) committed 
             Both:        1.04 GB reserved,      44.55 MB (  4%) committed 

Chunk freelists:
   Non-Class:  10.00 KB
       Class:  0 bytes
        Both:  10.00 KB

MaxMetaspaceSize: 17179869184.00 GB
CompressedClassSpaceSize: 1.00 GB
Initial GC threshold: 20.80 MB
Current GC threshold: 58.20 MB
CDS: off

CodeHeap 'non-profiled nmethods': size=120064Kb used=2377Kb max_used=2377Kb free=117686Kb
 bounds [0x00000204aa3d0000, 0x00000204aa640000, 0x00000204b1910000]
CodeHeap 'profiled nmethods': size=120000Kb used=12431Kb max_used=12431Kb free=107568Kb
 bounds [0x00000204a2ea0000, 0x00000204a3ad0000, 0x00000204aa3d0000]
CodeHeap 'non-nmethods': size=5696Kb used=1362Kb max_used=1400Kb free=4333Kb
 bounds [0x00000204a2910000, 0x00000204a2b80000, 0x00000204a2ea0000]
 total_blobs=7706 nmethods=7042 adapters=576
 compilation: enabled
              stopped_count=0, restarted_count=0
 full_count=0

Compilation events (20 events):
Event: 19.669 Thread 0x00000204b6af5800 7227       2       com.oracle.truffle.regex.tregex.nodes.dfa.DFAStateNode::checkFinalState (39 bytes)
Event: 19.670 Thread 0x00000204b6af5800 nmethod 7227 0x00000204a3ac1090 code [0x00000204a3ac1280, 0x00000204a3ac1528]
Event: 19.670 Thread 0x00000204b6af5800 7228       2       com.oracle.truffle.regex.tregex.nodes.dfa.TRegexDFAExecutorNode::isBackward (16 bytes)
Event: 19.670 Thread 0x00000204b6af5800 nmethod 7228 0x00000204a3ac1790 code [0x00000204a3ac1940, 0x00000204a3ac1a58]
Event: 19.670 Thread 0x00000204b6af5800 7229       2       com.oracle.truffle.regex.tregex.nodes.dfa.TRegexDFAExecutorNode::getPrefixLength (8 bytes)
Event: 19.670 Thread 0x00000204b6af5800 nmethod 7229 0x00000204a3ac1b10 code [0x00000204a3ac1cc0, 0x00000204a3ac1e58]
Event: 19.670 Thread 0x00000204b6af5800 7230       2       com.oracle.truffle.regex.tregex.nodes.dfa.DFAInitialStateNode::getPrefixLength (10 bytes)
Event: 19.671 Thread 0x00000204b6af5800 nmethod 7230 0x00000204a3ac2010 code [0x00000204a3ac21c0, 0x00000204a3ac22f8]
Event: 19.671 Thread 0x00000204b6af5800 7231       2       com.oracle.truffle.regex.result.RegexResult::<init> (5 bytes)
Event: 19.671 Thread 0x00000204b6af5800 nmethod 7231 0x00000204a3ac2410 code [0x00000204a3ac25c0, 0x00000204a3ac26b8]
Event: 19.671 Thread 0x00000204b6af5800 7232       2       com.oracle.truffle.regex.tregex.nodes.dfa.DFAStateNode::storeResult (65 bytes)
Event: 19.672 Thread 0x00000204b6af5800 nmethod 7232 0x00000204a3ac2790 code [0x00000204a3ac2960, 0x00000204a3ac2be8]
Event: 19.672 Thread 0x00000204b6af5800 7233       2       com.oracle.truffle.regex.tregex.nodes.TRegexExecutorNode::inputAtBegin (29 bytes)
Event: 19.673 Thread 0x00000204b6af5800 nmethod 7233 0x00000204a3ac2e10 code [0x00000204a3ac2fe0, 0x00000204a3ac3178]
Event: 19.673 Thread 0x00000204b6af5800 7235       2       com.oracle.truffle.js.runtime.objects.JSLazyString::concatToLeafMaybe (79 bytes)
Event: 19.673 Thread 0x00000204b6af5800 nmethod 7235 0x00000204a3ac3290 code [0x00000204a3ac3460, 0x00000204a3ac3758]
Event: 19.673 Thread 0x00000204b6af5800 7236       2       com.oracle.truffle.regex.tregex.nodes.dfa.DFAStateNode::canDoIndexOf (20 bytes)
Event: 19.674 Thread 0x00000204b6af5800 nmethod 7236 0x00000204a3ac3890 code [0x00000204a3ac3a40, 0x00000204a3ac3b78]
Event: 19.674 Thread 0x00000204b6af5800 7237       2       com.oracle.truffle.regex.tregex.nodes.dfa.DFAStateNode::hasLoopToSelf (13 bytes)
Event: 19.674 Thread 0x00000204b6af5800 nmethod 7237 0x00000204a3ac3c10 code [0x00000204a3ac3dc0, 0x00000204a3ac3ed8]

GC Heap History (20 events):
Event: 10.529 GC heap after
{Heap after GC invocations=25 (full 0):
 garbage-first heap   total 172032K, used 138778K [0x00000000c0a00000, 0x0000000100000000)
  region size 1024K, 1 young (1024K), 1 survivors (1024K)
 Metaspace       used 32325K, capacity 32992K, committed 33328K, reserved 1079296K
  class space    used 3590K, capacity 3841K, committed 3968K, reserved 1048576K
}
Event: 10.754 GC heap before
{Heap before GC invocations=26 (full 0):
 garbage-first heap   total 172032K, used 145946K [0x00000000c0a00000, 0x0000000100000000)
  region size 1024K, 8 young (8192K), 1 survivors (1024K)
 Metaspace       used 32889K, capacity 33536K, committed 33840K, reserved 1079296K
  class space    used 3616K, capacity 3873K, committed 3968K, reserved 1048576K
}
Event: 10.767 GC heap after
{Heap after GC invocations=27 (full 0):
 garbage-first heap   total 172032K, used 142336K [0x00000000c0a00000, 0x0000000100000000)
  region size 1024K, 1 young (1024K), 1 survivors (1024K)
 Metaspace       used 32889K, capacity 33536K, committed 33840K, reserved 1079296K
  class space    used 3616K, capacity 3873K, committed 3968K, reserved 1048576K
}
Event: 10.889 GC heap before
{Heap before GC invocations=27 (full 0):
 garbage-first heap   total 172032K, used 149504K [0x00000000c0a00000, 0x0000000100000000)
  region size 1024K, 8 young (8192K), 1 survivors (1024K)
 Metaspace       used 33050K, capacity 33728K, committed 33840K, reserved 1079296K
  class space    used 3626K, capacity 3873K, committed 3968K, reserved 1048576K
}
Event: 10.903 GC heap after
{Heap after GC invocations=28 (full 0):
 garbage-first heap   total 216064K, used 146577K [0x00000000c0a00000, 0x0000000100000000)
  region size 1024K, 1 young (1024K), 1 survivors (1024K)
 Metaspace       used 33050K, capacity 33728K, committed 33840K, reserved 1079296K
  class space    used 3626K, capacity 3873K, committed 3968K, reserved 1048576K
}
Event: 11.215 GC heap before
{Heap before GC invocations=28 (full 0):
 garbage-first heap   total 216064K, used 130193K [0x00000000c0a00000, 0x0000000100000000)
  region size 1024K, 16 young (16384K), 1 survivors (1024K)
 Metaspace       used 33289K, capacity 33952K, committed 34096K, reserved 1079296K
  class space    used 3643K, capacity 3905K, committed 3968K, reserved 1048576K
}
Event: 11.239 GC heap after
{Heap after GC invocations=29 (full 0):
 garbage-first heap   total 216064K, used 124091K [0x00000000c0a00000, 0x0000000100000000)
  region size 1024K, 2 young (2048K), 2 survivors (2048K)
 Metaspace       used 33289K, capacity 33952K, committed 34096K, reserved 1079296K
  class space    used 3643K, capacity 3905K, committed 3968K, reserved 1048576K
}
Event: 11.563 GC heap before
{Heap before GC invocations=30 (full 0):
 garbage-first heap   total 216064K, used 146619K [0x00000000c0a00000, 0x0000000100000000)
  region size 1024K, 24 young (24576K), 2 survivors (2048K)
 Metaspace       used 33480K, capacity 34146K, committed 34352K, reserved 1079296K
  class space    used 3656K, capacity 3905K, committed 3968K, reserved 1048576K
}
Event: 11.598 GC heap after
{Heap after GC invocations=31 (full 0):
 garbage-first heap   total 216064K, used 137216K [0x00000000c0a00000, 0x0000000100000000)
  region size 1024K, 3 young (3072K), 3 survivors (3072K)
 Metaspace       used 33480K, capacity 34146K, committed 34352K, reserved 1079296K
  class space    used 3656K, capacity 3905K, committed 3968K, reserved 1048576K
}
Event: 11.883 GC heap before
{Heap before GC invocations=31 (full 0):
 garbage-first heap   total 216064K, used 157696K [0x00000000c0a00000, 0x0000000100000000)
  region size 1024K, 23 young (23552K), 3 survivors (3072K)
 Metaspace       used 33769K, capacity 34440K, committed 34608K, reserved 1079296K
  class space    used 3684K, capacity 3938K, committed 3968K, reserved 1048576K
}
Event: 11.918 GC heap after
{Heap after GC invocations=32 (full 0):
 garbage-first heap   total 216064K, used 147968K [0x00000000c0a00000, 0x0000000100000000)
  region size 1024K, 3 young (3072K), 3 survivors (3072K)
 Metaspace       used 33769K, capacity 34440K, committed 34608K, reserved 1079296K
  class space    used 3684K, capacity 3938K, committed 3968K, reserved 1048576K
}
Event: 12.774 GC heap before
{Heap before GC invocations=33 (full 0):
 garbage-first heap   total 216064K, used 161280K [0x00000000c0a00000, 0x0000000100000000)
  region size 1024K, 20 young (20480K), 3 survivors (3072K)
 Metaspace       used 37684K, capacity 38319K, committed 38448K, reserved 1083392K
  class space    used 4150K, capacity 4398K, committed 4480K, reserved 1048576K
}
Event: 12.850 GC heap after
{Heap after GC invocations=34 (full 0):
 garbage-first heap   total 380928K, used 147960K [0x00000000c0a00000, 0x0000000100000000)
  region size 1024K, 3 young (3072K), 3 survivors (3072K)
 Metaspace       used 37684K, capacity 38319K, committed 38448K, reserved 1083392K
  class space    used 4150K, capacity 4398K, committed 4480K, reserved 1048576K
}
Event: 13.747 GC heap before
{Heap before GC invocations=34 (full 0):
 garbage-first heap   total 380928K, used 181752K [0x00000000c0a00000, 0x0000000100000000)
  region size 1024K, 18 young (18432K), 3 survivors (3072K)
 Metaspace       used 39978K, capacity 40719K, committed 40880K, reserved 1085440K
  class space    used 4336K, capacity 4600K, committed 4608K, reserved 1048576K
}
Event: 13.823 GC heap after
{Heap after GC invocations=35 (full 0):
 garbage-first heap   total 380928K, used 143614K [0x00000000c0a00000, 0x0000000100000000)
  region size 1024K, 3 young (3072K), 3 survivors (3072K)
 Metaspace       used 39978K, capacity 40719K, committed 40880K, reserved 1085440K
  class space    used 4336K, capacity 4600K, committed 4608K, reserved 1048576K
}
Event: 17.032 GC heap before
{Heap before GC invocations=35 (full 0):
 garbage-first heap   total 380928K, used 209150K [0x00000000c0a00000, 0x0000000100000000)
  region size 1024K, 62 young (63488K), 3 survivors (3072K)
 Metaspace       used 43620K, capacity 44376K, committed 44592K, reserved 1089536K
  class space    used 4639K, capacity 4924K, committed 4992K, reserved 1048576K
}
Event: 17.124 GC heap after
{Heap after GC invocations=36 (full 0):
 garbage-first heap   total 380928K, used 151049K [0x00000000c0a00000, 0x0000000100000000)
  region size 1024K, 8 young (8192K), 8 survivors (8192K)
 Metaspace       used 43620K, capacity 44376K, committed 44592K, reserved 1089536K
  class space    used 4639K, capacity 4924K, committed 4992K, reserved 1048576K
}
Event: 18.408 GC heap before
{Heap before GC invocations=36 (full 0):
 garbage-first heap   total 380928K, used 171529K [0x00000000c0a00000, 0x0000000100000000)
  region size 1024K, 28 young (28672K), 8 survivors (8192K)
 Metaspace       used 44461K, capacity 45222K, committed 45360K, reserved 1089536K
  class space    used 4685K, capacity 4992K, committed 4992K, reserved 1048576K
}
Event: 18.488 GC heap after
{Heap after GC invocations=37 (full 0):
 garbage-first heap   total 380928K, used 157611K [0x00000000c0a00000, 0x0000000100000000)
  region size 1024K, 4 young (4096K), 4 survivors (4096K)
 Metaspace       used 44461K, capacity 45222K, committed 45360K, reserved 1089536K
  class space    used 4685K, capacity 4992K, committed 4992K, reserved 1048576K
}
Event: 19.675 GC heap before
{Heap before GC invocations=37 (full 0):
 garbage-first heap   total 380928K, used 184235K [0x00000000c0a00000, 0x0000000100000000)
  region size 1024K, 30 young (30720K), 4 survivors (4096K)
 Metaspace       used 44739K, capacity 45478K, committed 45616K, reserved 1089536K
  class space    used 4698K, capacity 4992K, committed 4992K, reserved 1048576K
}

Deoptimization events (20 events):
Event: 19.521 Thread 0x00000204b7d60800 Uncommon trap: trap_request=0xffffffde fr.pc=0x00000204aa619d08 relative=0x0000000000000528
Event: 19.521 Thread 0x00000204b7d60800 Uncommon trap: reason=class_check action=maybe_recompile pc=0x00000204aa619d08 method=com.oracle.truffle.js.nodes.access.PropertySetNode.setValue(Ljava/lang/Object;Ljava/lang/Object;Ljava/lang/Object;)V @ 81 c2
Event: 19.521 Thread 0x00000204b7d60800 DEOPT PACKING pc=0x00000204aa619d08 sp=0x000000f9ad7c3670
Event: 19.521 Thread 0x00000204b7d60800 DEOPT UNPACKING pc=0x00000204a295a1af sp=0x000000f9ad7c3610 mode 2
Event: 19.637 Thread 0x00000204b7d60800 Uncommon trap: trap_request=0xffffffde fr.pc=0x00000204aa60a6c4 relative=0x0000000000000604
Event: 19.637 Thread 0x00000204b7d60800 Uncommon trap: reason=class_check action=maybe_recompile pc=0x00000204aa60a6c4 method=com.oracle.truffle.js.nodes.access.JSReadCurrentFrameSlotNodeGen.execute(Lcom/oracle/truffle/api/frame/VirtualFrame;)Ljava/lang/Object; @ 101 c2
Event: 19.637 Thread 0x00000204b7d60800 DEOPT PACKING pc=0x00000204aa60a6c4 sp=0x000000f9ad7f2f90
Event: 19.637 Thread 0x00000204b7d60800 DEOPT UNPACKING pc=0x00000204a295a1af sp=0x000000f9ad7f2f30 mode 2
Event: 19.637 Thread 0x00000204b7d60800 Uncommon trap: trap_request=0xffffffde fr.pc=0x00000204aa60a6c4 relative=0x0000000000000604
Event: 19.637 Thread 0x00000204b7d60800 Uncommon trap: reason=class_check action=maybe_recompile pc=0x00000204aa60a6c4 method=com.oracle.truffle.js.nodes.access.JSReadCurrentFrameSlotNodeGen.execute(Lcom/oracle/truffle/api/frame/VirtualFrame;)Ljava/lang/Object; @ 101 c2
Event: 19.637 Thread 0x00000204b7d60800 DEOPT PACKING pc=0x00000204aa60a6c4 sp=0x000000f9ad7f2f90
Event: 19.637 Thread 0x00000204b7d60800 DEOPT UNPACKING pc=0x00000204a295a1af sp=0x000000f9ad7f2f30 mode 2
Event: 19.637 Thread 0x00000204b7d60800 Uncommon trap: trap_request=0xffffffde fr.pc=0x00000204aa60a6c4 relative=0x0000000000000604
Event: 19.637 Thread 0x00000204b7d60800 Uncommon trap: reason=class_check action=maybe_recompile pc=0x00000204aa60a6c4 method=com.oracle.truffle.js.nodes.access.JSReadCurrentFrameSlotNodeGen.execute(Lcom/oracle/truffle/api/frame/VirtualFrame;)Ljava/lang/Object; @ 101 c2
Event: 19.637 Thread 0x00000204b7d60800 DEOPT PACKING pc=0x00000204aa60a6c4 sp=0x000000f9ad7f5390
Event: 19.637 Thread 0x00000204b7d60800 DEOPT UNPACKING pc=0x00000204a295a1af sp=0x000000f9ad7f5330 mode 2
Event: 19.637 Thread 0x00000204b7d60800 Uncommon trap: trap_request=0xffffffde fr.pc=0x00000204aa60a6c4 relative=0x0000000000000604
Event: 19.637 Thread 0x00000204b7d60800 Uncommon trap: reason=class_check action=maybe_recompile pc=0x00000204aa60a6c4 method=com.oracle.truffle.js.nodes.access.JSReadCurrentFrameSlotNodeGen.execute(Lcom/oracle/truffle/api/frame/VirtualFrame;)Ljava/lang/Object; @ 101 c2
Event: 19.637 Thread 0x00000204b7d60800 DEOPT PACKING pc=0x00000204aa60a6c4 sp=0x000000f9ad7f52b0
Event: 19.637 Thread 0x00000204b7d60800 DEOPT UNPACKING pc=0x00000204a295a1af sp=0x000000f9ad7f5250 mode 2

Classes redefined (0 events):
No events

Internal exceptions (20 events):
Event: 3.670 Thread 0x00000204b8028800 Exception <a 'java/lang/reflect/InvocationTargetException'{0x00000000c876ee80}> (0x00000000c876ee80) thrown at [./src/hotspot/share/runtime/reflection.cpp, line 1247]
Event: 3.670 Thread 0x00000204b7c0f000 Exception <a 'java/lang/reflect/InvocationTargetException'{0x00000000c87166a8}> (0x00000000c87166a8) thrown at [./src/hotspot/share/runtime/reflection.cpp, line 1247]
Event: 3.750 Thread 0x00000204b7d60800 Exception <a 'java/lang/NoSuchMethodError'{0x00000000c874aec8}: 'int java.lang.invoke.DirectMethodHandle$Holder.invokeVirtual(java.lang.Object, java.lang.Object)'> (0x00000000c874aec8) thrown at [./src/hotspot/share/interpreter/linkResolver.cpp, line 773]
Event: 3.806 Thread 0x00000204b7d60800 Exception <a 'java/lang/reflect/InvocationTargetException'{0x00000000c840e938}> (0x00000000c840e938) thrown at [./src/hotspot/share/runtime/reflection.cpp, line 1247]
Event: 3.968 Thread 0x00000204b7d60800 Exception <a 'sun/nio/fs/WindowsException'{0x00000000c8205ae0}> (0x00000000c8205ae0) thrown at [./src/hotspot/share/prims/jni.cpp, line 615]
Event: 3.970 Thread 0x00000204b7d60800 Exception <a 'java/lang/NoSuchMethodError'{0x00000000c8207378}: 'int java.lang.invoke.DirectMethodHandle$Holder.invokeSpecialIFC(java.lang.Object, java.lang.Object, int)'> (0x00000000c8207378) thrown at [./src/hotspot/share/interpreter/linkResolver.cpp, line 773]
Event: 5.101 Thread 0x00000204b7d60800 Exception <a 'java/lang/NoSuchMethodError'{0x00000000c8219a50}: 'java.lang.Object java.lang.invoke.DirectMethodHandle$Holder.invokeStaticInit(java.lang.Object, java.lang.Object, java.lang.Object)'> (0x00000000c8219a50) thrown at [./src/hotspot/share/interpreter/linkResolver.cpp, line 773]
Event: 5.225 Thread 0x00000204b7d60800 Exception <a 'sun/nio/fs/WindowsException'{0x00000000c7f4e818}> (0x00000000c7f4e818) thrown at [./src/hotspot/share/prims/jni.cpp, line 615]
Event: 12.719 Thread 0x00000204b7d60800 Exception <a 'java/lang/NoSuchMethodError'{0x00000000ccd44ef8}: 'int java.lang.invoke.DirectMethodHandle$Holder.invokeSpecial(java.lang.Object, java.lang.Object, java.lang.Object, java.lang.Object)'> (0x00000000ccd44ef8) thrown at [./src/hotspot/share/interpreter/linkResolver.cpp, line 773]
Event: 13.395 Thread 0x00000204b7d60800 Exception <a 'java/lang/NoSuchMethodError'{0x00000000d74191f8}: 'java.lang.Object java.lang.invoke.DirectMethodHandle$Holder.invokeStaticInit(java.lang.Object, java.lang.Object, int, java.lang.Object, java.lang.Object)'> (0x00000000d74191f8) thrown at [./src/hotspot/share/interpreter/linkResolver.cpp, line 773]
Event: 15.017 Thread 0x00000204b7d60800 Implicit null exception at 0x00000204aa55e150 to 0x00000204aa55e53b
Event: 15.390 Thread 0x00000204b7d60800 Exception <a 'java/lang/NoSuchMethodError'{0x00000000d5dbaa68}: 'java.lang.Object java.lang.invoke.Invokers$Holder.invokeExact_MT(java.lang.Object, java.lang.Object, java.lang.Object)'> (0x00000000d5dbaa68) thrown at [./src/hotspot/share/interpreter/linkResolver.cpp, line 773]
Event: 15.393 Thread 0x00000204b7d60800 Exception <a 'java/lang/NoSuchMethodError'{0x00000000d5dc8ad0}: 'void java.lang.invoke.DirectMethodHandle$Holder.invokeSpecial(java.lang.Object, java.lang.Object)'> (0x00000000d5dc8ad0) thrown at [./src/hotspot/share/interpreter/linkResolver.cpp, line 773]
Event: 15.416 Thread 0x00000204b7d60800 Exception <a 'java/lang/NoSuchMethodError'{0x00000000d5c2c230}: 'void java.lang.invoke.DirectMethodHandle$Holder.invokeStatic(java.lang.Object, java.lang.Object, int, java.lang.Object)'> (0x00000000d5c2c230) thrown at [./src/hotspot/share/interpreter/linkResolver.cpp, line 773]
Event: 15.418 Thread 0x00000204b7d60800 Exception <a 'java/lang/NoSuchMethodError'{0x00000000d5c332b0}: 'void java.lang.invoke.DelegatingMethodHandle$Holder.delegate(java.lang.Object, java.lang.Object, int, java.lang.Object)'> (0x00000000d5c332b0) thrown at [./src/hotspot/share/interpreter/linkResolver.cpp, line 773]
Event: 15.422 Thread 0x00000204b7d60800 Implicit null exception at 0x00000204aa5373fb to 0x00000204aa53a0f8
Event: 17.671 Thread 0x00000204b7d60800 Implicit null exception at 0x00000204aa5cacac to 0x00000204aa5cb224
Event: 17.671 Thread 0x00000204b7d60800 Implicit null exception at 0x00000204aa5cc890 to 0x00000204aa5cd9e0
Event: 17.671 Thread 0x00000204b7d60800 Implicit null exception at 0x00000204aa5d02a9 to 0x00000204aa5d14ac
Event: 17.672 Thread 0x00000204b7d60800 Implicit null exception at 0x00000204aa5bad82 to 0x00000204aa5c06b4

Events (20 events):
Event: 18.853 Executing VM operation: ICBufferFull done
Event: 19.002 Executing VM operation: ICBufferFull
Event: 19.003 Executing VM operation: ICBufferFull done
Event: 19.044 Executing VM operation: ICBufferFull
Event: 19.044 Executing VM operation: ICBufferFull done
Event: 19.088 Executing VM operation: ICBufferFull
Event: 19.088 Executing VM operation: ICBufferFull done
Event: 19.242 Executing VM operation: ICBufferFull
Event: 19.243 Executing VM operation: ICBufferFull done
Event: 19.459 Executing VM operation: ICBufferFull
Event: 19.460 Executing VM operation: ICBufferFull done
Event: 19.643 loading class com/oracle/truffle/js/builtins/StringPrototypeBuiltinsFactory$JSStringCharAtNodeGen
Event: 19.643 loading class com/oracle/truffle/js/builtins/StringPrototypeBuiltinsFactory$JSStringCharAtNodeGen done
Event: 19.643 loading class com/oracle/truffle/js/builtins/StringPrototypeBuiltins$JSStringCharAtNode
Event: 19.643 loading class com/oracle/truffle/js/builtins/StringPrototypeBuiltins$JSStringCharAtNode done
Event: 19.645 loading class com/oracle/truffle/js/builtins/StringPrototypeBuiltinsFactory$JSStringCharAtNodeGen$InlinedNodeGen
Event: 19.645 loading class com/oracle/truffle/js/builtins/StringPrototypeBuiltinsFactory$JSStringCharAtNodeGen$InlinedNodeGen done
Event: 19.646 loading class com/oracle/truffle/js/builtins/StringPrototypeBuiltins$JSStringCharAtNode$Inlined
Event: 19.646 loading class com/oracle/truffle/js/builtins/StringPrototypeBuiltins$JSStringCharAtNode$Inlined done
Event: 19.675 Executing VM operation: G1CollectForAllocation


Dynamic libraries:
0x00007ff695e00000 - 0x00007ff695e0a000 	C:\Program Files\JetBrains\IntelliJ IDEA 2021.2.2\jbr\bin\java.exe
0x00007ffc26db0000 - 0x00007ffc26fa5000 	C:\WINDOWS\SYSTEM32\ntdll.dll
0x00007ffc24e30000 - 0x00007ffc24eee000 	C:\WINDOWS\System32\KERNEL32.DLL
0x00007ffc24990000 - 0x00007ffc24c58000 	C:\WINDOWS\System32\KERNELBASE.dll
0x00007ffc24800000 - 0x00007ffc24900000 	C:\WINDOWS\System32\ucrtbase.dll
0x00007ffc0c2f0000 - 0x00007ffc0c309000 	C:\Program Files\JetBrains\IntelliJ IDEA 2021.2.2\jbr\bin\jli.dll
0x00007ffc0c7d0000 - 0x00007ffc0c7e7000 	C:\Program Files\JetBrains\IntelliJ IDEA 2021.2.2\jbr\bin\VCRUNTIME140.dll
0x00007ffc26030000 - 0x00007ffc261d1000 	C:\WINDOWS\System32\USER32.dll
0x00007ffc0e470000 - 0x00007ffc0e70a000 	C:\WINDOWS\WinSxS\amd64_microsoft.windows.common-controls_6595b64144ccf1df_6.0.19041.1110_none_60b5254171f9507e\COMCTL32.dll
0x00007ffc24dc0000 - 0x00007ffc24de2000 	C:\WINDOWS\System32\win32u.dll
0x00007ffc26430000 - 0x00007ffc2645b000 	C:\WINDOWS\System32\GDI32.dll
0x00007ffc24600000 - 0x00007ffc2470d000 	C:\WINDOWS\System32\gdi32full.dll
0x00007ffc24710000 - 0x00007ffc247ad000 	C:\WINDOWS\System32\msvcp_win.dll
0x00007ffc26cd0000 - 0x00007ffc26d6e000 	C:\WINDOWS\System32\msvcrt.dll
0x00007ffc24df0000 - 0x00007ffc24e20000 	C:\WINDOWS\System32\IMM32.DLL
0x00007ffbfd280000 - 0x00007ffbfd31d000 	C:\Program Files\JetBrains\IntelliJ IDEA 2021.2.2\jbr\bin\msvcp140.dll
0x00007ffbea400000 - 0x00007ffbeaf58000 	C:\Program Files\JetBrains\IntelliJ IDEA 2021.2.2\jbr\bin\server\jvm.dll
0x00007ffc25c70000 - 0x00007ffc25d1e000 	C:\WINDOWS\System32\ADVAPI32.dll
0x00007ffc25dd0000 - 0x00007ffc25e6c000 	C:\WINDOWS\System32\sechost.dll
0x00007ffc25f00000 - 0x00007ffc26025000 	C:\WINDOWS\System32\RPCRT4.dll
0x00007ffc24e20000 - 0x00007ffc24e28000 	C:\WINDOWS\System32\PSAPI.DLL
0x00007ffc0f030000 - 0x00007ffc0f039000 	C:\WINDOWS\SYSTEM32\WSOCK32.dll
0x00007ffc139c0000 - 0x00007ffc139e7000 	C:\WINDOWS\SYSTEM32\WINMM.dll
0x00007ffc14390000 - 0x00007ffc1439a000 	C:\WINDOWS\SYSTEM32\VERSION.dll
0x00007ffc26460000 - 0x00007ffc264cb000 	C:\WINDOWS\System32\WS2_32.dll
0x00007ffc22290000 - 0x00007ffc222a2000 	C:\WINDOWS\SYSTEM32\kernel.appcore.dll
0x00007ffc10d70000 - 0x00007ffc10d81000 	C:\Program Files\JetBrains\IntelliJ IDEA 2021.2.2\jbr\bin\verify.dll
0x00007ffc12b50000 - 0x00007ffc12d34000 	C:\WINDOWS\SYSTEM32\DBGHELP.DLL
0x00007ffc1f2e0000 - 0x00007ffc1f30c000 	C:\WINDOWS\SYSTEM32\dbgcore.DLL
0x00007ffc244c0000 - 0x00007ffc24542000 	C:\WINDOWS\System32\bcryptPrimitives.dll
0x00007ffc03e90000 - 0x00007ffc03eb9000 	C:\Program Files\JetBrains\IntelliJ IDEA 2021.2.2\jbr\bin\java.dll
0x00007ffc1e0f0000 - 0x00007ffc1e0fb000 	C:\Program Files\JetBrains\IntelliJ IDEA 2021.2.2\jbr\bin\jimage.dll
0x00007ffc0e970000 - 0x00007ffc0e988000 	C:\Program Files\JetBrains\IntelliJ IDEA 2021.2.2\jbr\bin\zip.dll
0x00007ffc24fc0000 - 0x00007ffc25704000 	C:\WINDOWS\System32\SHELL32.dll
0x00007ffc22570000 - 0x00007ffc22d05000 	C:\WINDOWS\SYSTEM32\windows.storage.dll
0x00007ffc26550000 - 0x00007ffc268a5000 	C:\WINDOWS\System32\combase.dll
0x00007ffc23d70000 - 0x00007ffc23d9e000 	C:\WINDOWS\SYSTEM32\Wldp.dll
0x00007ffc261e0000 - 0x00007ffc2628d000 	C:\WINDOWS\System32\SHCORE.dll
0x00007ffc26c70000 - 0x00007ffc26cc5000 	C:\WINDOWS\System32\shlwapi.dll
0x00007ffc24400000 - 0x00007ffc2441f000 	C:\WINDOWS\SYSTEM32\profapi.dll
0x00007ffc0ba70000 - 0x00007ffc0ba8a000 	C:\Program Files\JetBrains\IntelliJ IDEA 2021.2.2\jbr\bin\net.dll
0x00007ffc1a7c0000 - 0x00007ffc1a8cc000 	C:\WINDOWS\SYSTEM32\WINHTTP.dll
0x00007ffc23b40000 - 0x00007ffc23baa000 	C:\WINDOWS\system32\mswsock.dll
0x00007ffc0b800000 - 0x00007ffc0b814000 	C:\Program Files\JetBrains\IntelliJ IDEA 2021.2.2\jbr\bin\nio.dll
0x00007ffc23de0000 - 0x00007ffc23df8000 	C:\WINDOWS\SYSTEM32\CRYPTSP.dll
0x00007ffc234e0000 - 0x00007ffc23514000 	C:\WINDOWS\system32\rsaenh.dll
0x00007ffc24900000 - 0x00007ffc24927000 	C:\WINDOWS\System32\bcrypt.dll
0x00007ffc24350000 - 0x00007ffc2437e000 	C:\WINDOWS\SYSTEM32\USERENV.dll
0x00007ffc23cd0000 - 0x00007ffc23cdc000 	C:\WINDOWS\SYSTEM32\CRYPTBASE.dll
0x00007ffc23850000 - 0x00007ffc2388b000 	C:\WINDOWS\SYSTEM32\IPHLPAPI.DLL
0x00007ffc263c0000 - 0x00007ffc263c8000 	C:\WINDOWS\System32\NSI.dll
0x00007ffc1d270000 - 0x00007ffc1d287000 	C:\WINDOWS\SYSTEM32\dhcpcsvc6.DLL
0x00007ffc1ac40000 - 0x00007ffc1ac5d000 	C:\WINDOWS\SYSTEM32\dhcpcsvc.DLL
0x00007ffc23890000 - 0x00007ffc2395b000 	C:\WINDOWS\SYSTEM32\DNSAPI.dll
0x00007ffc0d340000 - 0x00007ffc0d348000 	C:\Program Files\JetBrains\IntelliJ IDEA 2021.2.2\jbr\bin\rmi.dll
0x00007ffc19500000 - 0x00007ffc1950a000 	C:\Windows\System32\rasadhlp.dll
0x00007ffc19580000 - 0x00007ffc195ff000 	C:\WINDOWS\System32\fwpuclnt.dll
0x00007ffc010e0000 - 0x00007ffc01108000 	C:\Program Files\JetBrains\IntelliJ IDEA 2021.2.2\jbr\bin\sunec.dll

dbghelp: loaded successfully - version: 4.0.5 - missing functions: none
symbol engine: initialized successfully - sym options: 0x614 - pdb path: .;C:\Program Files\JetBrains\IntelliJ IDEA 2021.2.2\jbr\bin;C:\WINDOWS\SYSTEM32;C:\WINDOWS\WinSxS\amd64_microsoft.windows.common-controls_6595b64144ccf1df_6.0.19041.1110_none_60b5254171f9507e;C:\Program Files\JetBrains\IntelliJ IDEA 2021.2.2\jbr\bin\server

VM Arguments:
jvm_args: -Djava.rmi.server.hostname=127.0.0.1 -Duser.timezone=UTC -Xmx1014m -Xms128m -Dfile.encoding=UTF-8 
java_command: com.intellij.database.remote.RemoteJdbcServer com.dbschema.MongoJdbcDriver
java_class_path (initial): C:\Program Files\JetBrains\IntelliJ IDEA 2021.2.2\lib\util.jar;C:\Program Files\JetBrains\IntelliJ IDEA 2021.2.2\lib\groovy-2.5.14.jar;C:\Program Files\JetBrains\IntelliJ IDEA 2021.2.2\plugins\DatabaseTools\lib\jdbc-console.jar;C:\Users\neago\AppData\Roaming\JetBrains\IntelliJIdea2021.2\jdbc-drivers\MongoDB\1.13\mongo-jdbc-standalone-1.13.jar
Launcher Type: SUN_STANDARD

[Global flags]
     intx CICompilerCount                          = 3                                         {product} {ergonomic}
     uint ConcGCThreads                            = 1                                         {product} {ergonomic}
     uint G1ConcRefinementThreads                  = 4                                         {product} {ergonomic}
   size_t G1HeapRegionSize                         = 1048576                                   {product} {ergonomic}
    uintx GCDrainStackTargetSize                   = 64                                        {product} {ergonomic}
   size_t InitialHeapSize                          = 134217728                                 {product} {command line}
   size_t MarkStackSize                            = 4194304                                   {product} {ergonomic}
   size_t MaxHeapSize                              = 1063256064                                {product} {command line}
   size_t MaxNewSize                               = 637534208                                 {product} {ergonomic}
   size_t MinHeapDeltaBytes                        = 1048576                                   {product} {ergonomic}
    uintx NonNMethodCodeHeapSize                   = 5830732                                {pd product} {ergonomic}
    uintx NonProfiledCodeHeapSize                  = 122913754                              {pd product} {ergonomic}
    uintx ProfiledCodeHeapSize                     = 122913754                              {pd product} {ergonomic}
    uintx ReservedCodeCacheSize                    = 251658240                              {pd product} {ergonomic}
     bool SegmentedCodeCache                       = true                                      {product} {ergonomic}
     bool UseCompressedClassPointers               = true                                 {lp64_product} {ergonomic}
     bool UseCompressedOops                        = true                                 {lp64_product} {ergonomic}
     bool UseG1GC                                  = true                                      {product} {ergonomic}
     bool UseLargePagesIndividualAllocation        = false                                  {pd product} {ergonomic}

Logging:
Log output configuration:
 #0: stdout all=warning uptime,level,tags
 #1: stderr all=off uptime,level,tags

Environment Variables:
JAVA_HOME=C:\Program Files\Amazon Corretto\jdk11.0.12_7
PATH=C:\Program Files (x86)\Common Files\Oracle\Java\javapath;C:\Windows;C:\Windows\System32;C:\Windows\System32\Wbem;C:\Program Files\Amazon Corretto\jdk11.0.12_7\bin;C:\Program Files\AutoFirma\AutoFirma;C:\Program Files\PuTTY\;C:\Program Files\nodejs\;C:\WINDOWS\system32;C:\Program Files\Docker\Docker\resources\bin;C:\ProgramData\DockerDesktop\version-bin;C:\Program Files\Git\cmd;C:\Program Files\Java\jdk-17.0.1\bin;C:\Users\neago\AppData\Local\Programs\Python\Python310\Scripts\;C:\Users\neago\AppData\Local\Programs\Python\Python310\;C:\Program Files\MySQL\MySQL Shell 8.0\bin\;C:\Users\neago\AppData\Local\Microsoft\WindowsApps;C:\Users\neago\AppData\Local\Programs\Microsoft VS Code\bin;C:\Users\neago\.dotnet\tools;C:\Program Files\Amazon Corretto\jdk11.0.12_7\bin;C:\Program Files\JetBrains\IntelliJ IDEA 2021.2.2\bin;;C:\Users\neago\AppData\Roaming\npm;C:\Windows\System32\Wbem;C:\Windows\System32;C:\Windows;C:\WINDOWS\system32;C:\Program Files\MongoDB\Server\5.0\bin;C:\Program Files\MongoDB\Server\5.0\bin;C:\Users\neago\AppData\Local\Programs\mongosh\;C:\Program Files (x86)\Common Files\Oracle\Java\javapath;
USERNAME=neago
OS=Windows_NT
PROCESSOR_IDENTIFIER=Intel64 Family 6 Model 69 Stepping 1, GenuineIntel



---------------  S Y S T E M  ---------------

OS: Windows 10 , 64 bit Build 19041 (10.0.19041.1466)
OS uptime: 4 days 19:48 hours
Hyper-V role detected

CPU:total 4 (initial active 4) (2 cores per cpu, 2 threads per core) family 6 model 69 stepping 1 microcode 0x25, cmov, cx8, fxsr, mmx, sse, sse2, sse3, ssse3, sse4.1, sse4.2, popcnt, avx, avx2, aes, clmul, erms, lzcnt, ht, tsc, tscinvbit, bmi1, bmi2, fma

Memory: 4k page, system-wide physical 8112M (244M free)
TotalPageFile size 14256M (AvailPageFile size 103M)
current process WorkingSet (physical memory assigned to process): 398M, peak: 401M
current process commit charge ("private bytes"): 531M, peak: 660M

vm_info: OpenJDK 64-Bit Server VM (11.0.12+7-b1504.28) for windows-amd64 JRE (11.0.12+7-b1504.28), built on Sep  3 2021 08:39:15 by "" with MS VC++ 14.0 (VS2015)

END.
